Started GET "/api/v1/cars/" for ::1 at 2023-07-13 12:56:42 -0400
  
NameError (uninitialized constant CarWorldTrader::V1::Cars::Car):
  
app/api/car_world_trader/v1/cars.rb:12:in `block (2 levels) in <class:Cars>'
Started GET "/api/v1/cars/" for ::1 at 2023-07-13 12:57:38 -0400
  
NameError (uninitialized constant CarWorldTrader::V1::Cars::Car):
  
app/api/car_world_trader/v1/cars.rb:12:in `block (2 levels) in <class:Cars>'
  [1m[35m (1.5ms)[0m  [1m[35mCREATE TABLE "schema_migrations" ("version" varchar NOT NULL PRIMARY KEY)[0m
  [1m[35m (0.6ms)[0m  [1m[35mCREATE TABLE "ar_internal_metadata" ("key" varchar NOT NULL PRIMARY KEY, "value" varchar, "created_at" datetime(6) NOT NULL, "updated_at" datetime(6) NOT NULL)[0m
  [1m[36mActiveRecord::SchemaMigration Pluck (0.1ms)[0m  [1m[34mSELECT "schema_migrations"."version" FROM "schema_migrations" ORDER BY "schema_migrations"."version" ASC[0m
Migrating to CreateCars (20230713165920)
  [1m[36mTRANSACTION (0.0ms)[0m  [1m[36mbegin transaction[0m
  [1m[35m (0.2ms)[0m  [1m[35mCREATE TABLE "cars" ("id" integer PRIMARY KEY AUTOINCREMENT NOT NULL, "manufacturer" varchar, "design" varchar, "style" varchar, "created_at" datetime(6) NOT NULL, "updated_at" datetime(6) NOT NULL)[0m
  [1m[36mActiveRecord::SchemaMigration Create (0.1ms)[0m  [1m[32mINSERT INTO "schema_migrations" ("version") VALUES (?)[0m  [["version", "20230713165920"]]
  [1m[36mTRANSACTION (0.5ms)[0m  [1m[36mcommit transaction[0m
  [1m[36mActiveRecord::InternalMetadata Load (0.1ms)[0m  [1m[34mSELECT "ar_internal_metadata".* FROM "ar_internal_metadata" WHERE "ar_internal_metadata"."key" = ? LIMIT ?[0m  [["key", "environment"], ["LIMIT", 1]]
  [1m[36mTRANSACTION (0.0ms)[0m  [1m[36mbegin transaction[0m
  [1m[36mActiveRecord::InternalMetadata Create (0.2ms)[0m  [1m[32mINSERT INTO "ar_internal_metadata" ("key", "value", "created_at", "updated_at") VALUES (?, ?, ?, ?)[0m  [["key", "environment"], ["value", "development"], ["created_at", "2023-07-13 16:59:31.569818"], ["updated_at", "2023-07-13 16:59:31.569818"]]
  [1m[36mTRANSACTION (0.3ms)[0m  [1m[36mcommit transaction[0m
  [1m[36mActiveRecord::SchemaMigration Pluck (0.0ms)[0m  [1m[34mSELECT "schema_migrations"."version" FROM "schema_migrations" ORDER BY "schema_migrations"."version" ASC[0m
Started GET "/api/v1/cars/" for ::1 at 2023-07-13 12:59:35 -0400
  [1m[36mActiveRecord::SchemaMigration Pluck (0.1ms)[0m  [1m[34mSELECT "schema_migrations"."version" FROM "schema_migrations" ORDER BY "schema_migrations"."version" ASC[0m
  [1m[36mCar Load (0.1ms)[0m  [1m[34mSELECT "cars".* FROM "cars"[0m
Started POST "/api/v1/cars/" for ::1 at 2023-07-13 13:00:51 -0400
  
ActiveModel::UnknownAttributeError (unknown attribute 'manufactures' for Car.):
  
app/api/car_world_trader/v1/cars.rb:35:in `block (2 levels) in <class:Cars>'
Started POST "/api/v1/cars/" for ::1 at 2023-07-13 13:01:35 -0400
  
ActiveModel::UnknownAttributeError (unknown attribute 'manufactures' for Car.):
  
app/api/car_world_trader/v1/cars.rb:35:in `block (2 levels) in <class:Cars>'
Started POST "/api/v1/cars/" for ::1 at 2023-07-13 13:03:09 -0400
  
ActiveModel::UnknownAttributeError (unknown attribute 'desing' for Car.):
  
app/api/car_world_trader/v1/cars.rb:35:in `block (2 levels) in <class:Cars>'
Started POST "/api/v1/cars/" for ::1 at 2023-07-13 13:04:08 -0400
  [1m[36mTRANSACTION (0.0ms)[0m  [1m[36mbegin transaction[0m
  ↳ app/api/car_world_trader/v1/cars.rb:35:in `block (2 levels) in <class:Cars>'
  [1m[36mCar Create (0.3ms)[0m  [1m[32mINSERT INTO "cars" ("manufacturer", "design", "style", "created_at", "updated_at") VALUES (?, ?, ?, ?, ?)[0m  [["manufacturer", "Toyota"], ["design", "Sedan"], ["style", "Sport"], ["created_at", "2023-07-13 17:04:08.899325"], ["updated_at", "2023-07-13 17:04:08.899325"]]
  ↳ app/api/car_world_trader/v1/cars.rb:35:in `block (2 levels) in <class:Cars>'
  [1m[36mTRANSACTION (0.4ms)[0m  [1m[36mcommit transaction[0m
  ↳ app/api/car_world_trader/v1/cars.rb:35:in `block (2 levels) in <class:Cars>'
Started GET "/api/v1/cars/" for ::1 at 2023-07-13 13:04:50 -0400
  [1m[36mCar Load (0.4ms)[0m  [1m[34mSELECT "cars".* FROM "cars"[0m
Started POST "/api/v1/cars/" for ::1 at 2023-07-13 13:05:27 -0400
  [1m[36mTRANSACTION (0.1ms)[0m  [1m[36mbegin transaction[0m
  ↳ app/api/car_world_trader/v1/cars.rb:35:in `block (2 levels) in <class:Cars>'
  [1m[36mCar Create (0.8ms)[0m  [1m[32mINSERT INTO "cars" ("manufacturer", "design", "style", "created_at", "updated_at") VALUES (?, ?, ?, ?, ?)[0m  [["manufacturer", "Toyota Corola"], ["design", "Sedan"], ["style", "Casual"], ["created_at", "2023-07-13 17:05:27.021623"], ["updated_at", "2023-07-13 17:05:27.021623"]]
  ↳ app/api/car_world_trader/v1/cars.rb:35:in `block (2 levels) in <class:Cars>'
  [1m[36mTRANSACTION (0.9ms)[0m  [1m[36mcommit transaction[0m
  ↳ app/api/car_world_trader/v1/cars.rb:35:in `block (2 levels) in <class:Cars>'
Started GET "/api/v1/cars/" for ::1 at 2023-07-13 13:05:32 -0400
  [1m[36mCar Load (0.2ms)[0m  [1m[34mSELECT "cars".* FROM "cars"[0m
Started GET "/api/v1/cars" for 127.0.0.1 at 2023-07-13 13:10:11 -0400
Started GET "/favicon.ico" for 127.0.0.1 at 2023-07-13 13:10:11 -0400
  
ActionController::RoutingError (No route matches [GET] "/favicon.ico"):
  
Started GET "/api/v1/cars" for 127.0.0.1 at 2023-07-13 13:10:19 -0400
Started GET "/api/v1/cars/1" for 127.0.0.1 at 2023-07-13 13:10:27 -0400
  [1m[36mCar Load (0.1ms)[0m  [1m[34mSELECT "cars".* FROM "cars" WHERE "cars"."id" = ? LIMIT ?[0m  [["id", 1], ["LIMIT", 1]]
  ↳ app/api/car_world_trader/v1/cars.rb:21:in `block (3 levels) in <class:Cars>'
Started GET "/api/v1/cars/1" for ::1 at 2023-07-13 13:10:38 -0400
  [1m[36mCar Load (0.2ms)[0m  [1m[34mSELECT "cars".* FROM "cars" WHERE "cars"."id" = ? LIMIT ?[0m  [["id", 1], ["LIMIT", 1]]
  ↳ app/api/car_world_trader/v1/cars.rb:21:in `block (3 levels) in <class:Cars>'
Started GET "/api/v1/cars/" for ::1 at 2023-07-13 13:10:46 -0400
Started GET "/api/v1/cars/" for ::1 at 2023-07-13 13:10:55 -0400
Started GET "/api/v1/cars/" for ::1 at 2023-07-13 13:11:00 -0400
Started GET "/api/v1/cars/1" for 127.0.0.1 at 2023-07-13 13:11:26 -0400
  [1m[36mCar Load (0.0ms)[0m  [1m[34mSELECT "cars".* FROM "cars" WHERE "cars"."id" = ? LIMIT ?[0m  [["id", 1], ["LIMIT", 1]]
  ↳ app/api/car_world_trader/v1/cars.rb:21:in `block (3 levels) in <class:Cars>'
Started GET "/api/v1/cars/1" for 127.0.0.1 at 2023-07-13 13:11:29 -0400
  [1m[36mCar Load (0.4ms)[0m  [1m[34mSELECT "cars".* FROM "cars" WHERE "cars"."id" = ? LIMIT ?[0m  [["id", 1], ["LIMIT", 1]]
  ↳ app/api/car_world_trader/v1/cars.rb:21:in `block (3 levels) in <class:Cars>'
Started GET "/api/v1/cars/" for 127.0.0.1 at 2023-07-13 13:11:32 -0400
  [1m[36mCar Load (0.5ms)[0m  [1m[34mSELECT "cars".* FROM "cars"[0m
Started GET "/api/v1/cars/1" for 127.0.0.1 at 2023-07-13 13:11:43 -0400
  [1m[36mCar Load (0.2ms)[0m  [1m[34mSELECT "cars".* FROM "cars" WHERE "cars"."id" = ? LIMIT ?[0m  [["id", 1], ["LIMIT", 1]]
  ↳ app/api/car_world_trader/v1/cars.rb:22:in `block (3 levels) in <class:Cars>'
Started GET "/api/v1/cars/" for ::1 at 2023-07-13 13:18:45 -0400
  [1m[36mCar Load (0.0ms)[0m  [1m[34mSELECT "cars".* FROM "cars"[0m
Started PUT "/api/v1/cars/1" for ::1 at 2023-07-13 13:18:51 -0400
  [1m[36mCar Load (0.2ms)[0m  [1m[34mSELECT "cars".* FROM "cars" WHERE "cars"."id" = ? LIMIT ?[0m  [["id", 1], ["LIMIT", 1]]
  ↳ app/api/car_world_trader/v1/cars.rb:44:in `block (2 levels) in <class:Cars>'
  
NoMethodError (undefined method `update_attributes' for #<Car id: 1, manufacturer: "Toyota", design: "Sedan", style: "Sport", created_at: "2023-07-13 17:04:08.899325000 +0000", updated_at: "2023-07-13 17:04:08.899325000 +0000">):
  
app/api/car_world_trader/v1/cars.rb:44:in `block (2 levels) in <class:Cars>'
Started PUT "/api/v1/cars/1" for ::1 at 2023-07-13 13:23:39 -0400
  [1m[36mCar Load (0.0ms)[0m  [1m[34mSELECT "cars".* FROM "cars" WHERE "cars"."id" = ? LIMIT ?[0m  [["id", 1], ["LIMIT", 1]]
  ↳ app/api/car_world_trader/v1/cars.rb:44:in `block (2 levels) in <class:Cars>'
  
NoMethodError (undefined method `car' for #<Car id: 1, manufacturer: "Toyota", design: "Sedan", style: "Sport", created_at: "2023-07-13 17:04:08.899325000 +0000", updated_at: "2023-07-13 17:04:08.899325000 +0000">):
  
app/api/car_world_trader/v1/cars.rb:45:in `block (2 levels) in <class:Cars>'
Started PUT "/api/v1/cars/1" for ::1 at 2023-07-13 13:24:15 -0400
  [1m[36mCar Load (0.1ms)[0m  [1m[34mSELECT "cars".* FROM "cars" WHERE "cars"."id" = ? LIMIT ?[0m  [["id", 1], ["LIMIT", 1]]
  ↳ app/api/car_world_trader/v1/cars.rb:44:in `block (2 levels) in <class:Cars>'
  
NoMethodError (undefined method `update_attributes' for #<Car id: 1, manufacturer: "Toyota", design: "Sedan", style: "Sport", created_at: "2023-07-13 17:04:08.899325000 +0000", updated_at: "2023-07-13 17:04:08.899325000 +0000">):
  
app/api/car_world_trader/v1/cars.rb:45:in `block (2 levels) in <class:Cars>'
Started PUT "/api/v1/cars/1" for ::1 at 2023-07-13 13:24:52 -0400
  [1m[36mCar Load (0.1ms)[0m  [1m[34mSELECT "cars".* FROM "cars" WHERE "cars"."id" = ? LIMIT ?[0m  [["id", 1], ["LIMIT", 1]]
  ↳ app/api/car_world_trader/v1/cars.rb:44:in `block (2 levels) in <class:Cars>'
  
NoMethodError (undefined method `update_attributes!' for #<Car id: 1, manufacturer: "Toyota", design: "Sedan", style: "Sport", created_at: "2023-07-13 17:04:08.899325000 +0000", updated_at: "2023-07-13 17:04:08.899325000 +0000">):
  
app/api/car_world_trader/v1/cars.rb:45:in `block (2 levels) in <class:Cars>'
Started PUT "/api/v1/cars/1" for ::1 at 2023-07-13 13:25:33 -0400
  [1m[36mCar Load (0.0ms)[0m  [1m[34mSELECT "cars".* FROM "cars" WHERE "cars"."id" = ? LIMIT ?[0m  [["id", 1], ["LIMIT", 1]]
  ↳ app/api/car_world_trader/v1/cars.rb:44:in `block (2 levels) in <class:Cars>'
  
NoMethodError (undefined method `update_attributes!' for #<Car id: 1, manufacturer: "Toyota", design: "Sedan", style: "Sport", created_at: "2023-07-13 17:04:08.899325000 +0000", updated_at: "2023-07-13 17:04:08.899325000 +0000">):
  
app/api/car_world_trader/v1/cars.rb:46:in `block (2 levels) in <class:Cars>'
Started PUT "/api/v1/cars/1" for ::1 at 2023-07-13 13:25:47 -0400
  [1m[36mCar Load (0.0ms)[0m  [1m[34mSELECT "cars".* FROM "cars" WHERE "cars"."id" = ? LIMIT ?[0m  [["id", 1], ["LIMIT", 1]]
  ↳ app/api/car_world_trader/v1/cars.rb:44:in `block (2 levels) in <class:Cars>'
  
NoMethodError (undefined method `update_attributes!' for #<Car id: 1, manufacturer: "Toyota", design: "Sedan", style: "Sport", created_at: "2023-07-13 17:04:08.899325000 +0000", updated_at: "2023-07-13 17:04:08.899325000 +0000">):
  
app/api/car_world_trader/v1/cars.rb:46:in `block (2 levels) in <class:Cars>'
Started DELETE "/api/v1/cars/1" for ::1 at 2023-07-13 13:28:31 -0400
  [1m[36mCar Load (0.1ms)[0m  [1m[34mSELECT "cars".* FROM "cars" WHERE "cars"."id" = ? LIMIT ?[0m  [["id", 1], ["LIMIT", 1]]
  ↳ app/api/car_world_trader/v1/cars.rb:53:in `block (2 levels) in <class:Cars>'
  [1m[36mTRANSACTION (0.0ms)[0m  [1m[36mbegin transaction[0m
  ↳ app/api/car_world_trader/v1/cars.rb:53:in `block (2 levels) in <class:Cars>'
  [1m[36mCar Destroy (0.2ms)[0m  [1m[31mDELETE FROM "cars" WHERE "cars"."id" = ?[0m  [["id", 1]]
  ↳ app/api/car_world_trader/v1/cars.rb:53:in `block (2 levels) in <class:Cars>'
  [1m[36mTRANSACTION (0.5ms)[0m  [1m[36mcommit transaction[0m
  ↳ app/api/car_world_trader/v1/cars.rb:53:in `block (2 levels) in <class:Cars>'
Started PUT "/api/v1/cars/1" for ::1 at 2023-07-13 13:29:05 -0400
  [1m[36mCar Load (0.0ms)[0m  [1m[34mSELECT "cars".* FROM "cars" WHERE "cars"."id" = ? LIMIT ?[0m  [["id", 1], ["LIMIT", 1]]
  ↳ app/api/car_world_trader/v1/cars.rb:44:in `block (2 levels) in <class:Cars>'
  
ActiveRecord::RecordNotFound (Couldn't find Car with 'id'=1):
  
app/api/car_world_trader/v1/cars.rb:44:in `block (2 levels) in <class:Cars>'
Started PUT "/api/v1/cars/2" for ::1 at 2023-07-13 13:29:12 -0400
  [1m[36mCar Load (0.1ms)[0m  [1m[34mSELECT "cars".* FROM "cars" WHERE "cars"."id" = ? LIMIT ?[0m  [["id", 2], ["LIMIT", 1]]
  ↳ app/api/car_world_trader/v1/cars.rb:44:in `block (2 levels) in <class:Cars>'
  [1m[36mTRANSACTION (0.0ms)[0m  [1m[36mbegin transaction[0m
  ↳ app/api/car_world_trader/v1/cars.rb:45:in `block (2 levels) in <class:Cars>'
  [1m[36mCar Update (0.2ms)[0m  [1m[33mUPDATE "cars" SET "manufacturer" = ?, "updated_at" = ? WHERE "cars"."id" = ?[0m  [["manufacturer", "Toyota aveo"], ["updated_at", "2023-07-13 17:29:12.822576"], ["id", 2]]
  ↳ app/api/car_world_trader/v1/cars.rb:45:in `block (2 levels) in <class:Cars>'
  [1m[36mTRANSACTION (0.4ms)[0m  [1m[36mcommit transaction[0m
  ↳ app/api/car_world_trader/v1/cars.rb:45:in `block (2 levels) in <class:Cars>'
Started GET "/api/v1/cars/" for ::1 at 2023-07-13 13:29:31 -0400
  [1m[36mCar Load (0.4ms)[0m  [1m[34mSELECT "cars".* FROM "cars"[0m
Started PUT "/api/v1/cars/2" for ::1 at 2023-07-13 13:29:52 -0400
  [1m[36mCar Load (0.2ms)[0m  [1m[34mSELECT "cars".* FROM "cars" WHERE "cars"."id" = ? LIMIT ?[0m  [["id", 2], ["LIMIT", 1]]
  ↳ app/api/car_world_trader/v1/cars.rb:44:in `block (2 levels) in <class:Cars>'
  [1m[36mTRANSACTION (0.1ms)[0m  [1m[36mbegin transaction[0m
  ↳ app/api/car_world_trader/v1/cars.rb:45:in `block (2 levels) in <class:Cars>'
  [1m[36mCar Update (0.8ms)[0m  [1m[33mUPDATE "cars" SET "manufacturer" = ?, "updated_at" = ? WHERE "cars"."id" = ?[0m  [["manufacturer", "Toyota ranger"], ["updated_at", "2023-07-13 17:29:52.245951"], ["id", 2]]
  ↳ app/api/car_world_trader/v1/cars.rb:45:in `block (2 levels) in <class:Cars>'
  [1m[36mTRANSACTION (1.4ms)[0m  [1m[36mcommit transaction[0m
  ↳ app/api/car_world_trader/v1/cars.rb:45:in `block (2 levels) in <class:Cars>'
Started GET "/api/v1/cars/" for ::1 at 2023-07-13 13:29:54 -0400
  [1m[36mCar Load (0.1ms)[0m  [1m[34mSELECT "cars".* FROM "cars"[0m
