Started GET "/" for ::1 at 2023-09-27 16:12:42 -0400
Processing by Rails::WelcomeController#index as HTML
  Rendering /Users/lmoreno/.rbenv/versions/3.2.2/lib/ruby/gems/3.2.0/gems/railties-7.0.8/lib/rails/templates/rails/welcome/index.html.erb
  Rendered /Users/lmoreno/.rbenv/versions/3.2.2/lib/ruby/gems/3.2.0/gems/railties-7.0.8/lib/rails/templates/rails/welcome/index.html.erb (Duration: 0.8ms | Allocations: 632)
Completed 200 OK in 10ms (Views: 3.0ms | ActiveRecord: 0.0ms | Allocations: 7359)


Started GET "/test/hola" for ::1 at 2023-09-27 16:12:51 -0400
  
ActionController::RoutingError (No route matches [GET] "/test/hola"):
  
Started GET "/hola" for ::1 at 2023-09-27 16:12:55 -0400
Processing by TestController#hola as HTML
  Rendering layout layouts/application.html.erb
  Rendering test/hola.html within layouts/application
  Rendered test/hola.html within layouts/application (Duration: 0.3ms | Allocations: 99)
  Rendered layout layouts/application.html.erb (Duration: 156.0ms | Allocations: 90046)
Completed 200 OK in 160ms (Views: 158.1ms | ActiveRecord: 0.0ms | Allocations: 90957)


Started GET "/hola" for ::1 at 2023-09-27 16:24:51 -0400
  [1m[35m (1.0ms)[0m  [1m[35mCREATE TABLE "schema_migrations" ("version" varchar NOT NULL PRIMARY KEY)[0m
  [1m[35m (0.4ms)[0m  [1m[35mCREATE TABLE "ar_internal_metadata" ("key" varchar NOT NULL PRIMARY KEY, "value" varchar, "created_at" datetime(6) NOT NULL, "updated_at" datetime(6) NOT NULL)[0m
  [1m[36mActiveRecord::SchemaMigration Pluck (0.1ms)[0m  [1m[34mSELECT "schema_migrations"."version" FROM "schema_migrations" ORDER BY "schema_migrations"."version" ASC[0m
  
ActiveRecord::PendingMigrationError (

Migrations are pending. To resolve this issue, run:

        bin/rails db:migrate RAILS_ENV=development

You have 1 pending migration:

20230927201907_create_pets.rb


):
  
activerecord (7.0.8) lib/active_record/migration.rb:662:in `check_pending!'
activerecord (7.0.8) lib/active_record/migration.rb:627:in `block (2 levels) in call'
activesupport (7.0.8) lib/active_support/file_update_checker.rb:83:in `execute'
activesupport (7.0.8) lib/active_support/file_update_checker.rb:93:in `execute_if_updated'
activerecord (7.0.8) lib/active_record/migration.rb:634:in `block in call'
activerecord (7.0.8) lib/active_record/migration.rb:624:in `synchronize'
activerecord (7.0.8) lib/active_record/migration.rb:624:in `call'
actionpack (7.0.8) lib/action_dispatch/middleware/callbacks.rb:27:in `block in call'
activesupport (7.0.8) lib/active_support/callbacks.rb:99:in `run_callbacks'
actionpack (7.0.8) lib/action_dispatch/middleware/callbacks.rb:26:in `call'
actionpack (7.0.8) lib/action_dispatch/middleware/executor.rb:14:in `call'
actionpack (7.0.8) lib/action_dispatch/middleware/actionable_exceptions.rb:17:in `call'
actionpack (7.0.8) lib/action_dispatch/middleware/debug_exceptions.rb:28:in `call'
web-console (4.2.1) lib/web_console/middleware.rb:132:in `call_app'
web-console (4.2.1) lib/web_console/middleware.rb:28:in `block in call'
web-console (4.2.1) lib/web_console/middleware.rb:17:in `catch'
web-console (4.2.1) lib/web_console/middleware.rb:17:in `call'
actionpack (7.0.8) lib/action_dispatch/middleware/show_exceptions.rb:29:in `call'
railties (7.0.8) lib/rails/rack/logger.rb:40:in `call_app'
railties (7.0.8) lib/rails/rack/logger.rb:25:in `block in call'
activesupport (7.0.8) lib/active_support/tagged_logging.rb:99:in `block in tagged'
activesupport (7.0.8) lib/active_support/tagged_logging.rb:37:in `tagged'
activesupport (7.0.8) lib/active_support/tagged_logging.rb:99:in `tagged'
railties (7.0.8) lib/rails/rack/logger.rb:25:in `call'
sprockets-rails (3.4.2) lib/sprockets/rails/quiet_assets.rb:13:in `call'
actionpack (7.0.8) lib/action_dispatch/middleware/remote_ip.rb:93:in `call'
actionpack (7.0.8) lib/action_dispatch/middleware/request_id.rb:26:in `call'
rack (2.2.8) lib/rack/method_override.rb:24:in `call'
rack (2.2.8) lib/rack/runtime.rb:22:in `call'
activesupport (7.0.8) lib/active_support/cache/strategy/local_cache_middleware.rb:29:in `call'
actionpack (7.0.8) lib/action_dispatch/middleware/server_timing.rb:61:in `block in call'
actionpack (7.0.8) lib/action_dispatch/middleware/server_timing.rb:26:in `collect_events'
actionpack (7.0.8) lib/action_dispatch/middleware/server_timing.rb:60:in `call'
actionpack (7.0.8) lib/action_dispatch/middleware/executor.rb:14:in `call'
actionpack (7.0.8) lib/action_dispatch/middleware/static.rb:23:in `call'
rack (2.2.8) lib/rack/sendfile.rb:110:in `call'
actionpack (7.0.8) lib/action_dispatch/middleware/host_authorization.rb:138:in `call'
railties (7.0.8) lib/rails/engine.rb:530:in `call'
puma (5.6.7) lib/puma/configuration.rb:252:in `call'
puma (5.6.7) lib/puma/request.rb:77:in `block in handle_request'
puma (5.6.7) lib/puma/thread_pool.rb:340:in `with_force_shutdown'
puma (5.6.7) lib/puma/request.rb:76:in `handle_request'
puma (5.6.7) lib/puma/server.rb:443:in `process_client'
puma (5.6.7) lib/puma/thread_pool.rb:147:in `block in spawn_thread'
Started POST "/rails/actions" for ::1 at 2023-09-27 16:24:57 -0400
  [1m[36mActiveRecord::SchemaMigration Pluck (0.1ms)[0m  [1m[34mSELECT "schema_migrations"."version" FROM "schema_migrations" ORDER BY "schema_migrations"."version" ASC[0m
Migrating to CreatePets (20230927201907)
  [1m[36mTRANSACTION (0.1ms)[0m  [1m[36mbegin transaction[0m
  [1m[35m (0.6ms)[0m  [1m[35mCREATE TABLE "pets" ("id" integer PRIMARY KEY AUTOINCREMENT NOT NULL, "name" varchar, "breed" varchar, "created_at" datetime(6) NOT NULL, "updated_at" datetime(6) NOT NULL)[0m
  [1m[36mActiveRecord::SchemaMigration Create (0.1ms)[0m  [1m[32mINSERT INTO "schema_migrations" ("version") VALUES (?)[0m  [["version", "20230927201907"]]
  [1m[36mTRANSACTION (0.7ms)[0m  [1m[36mcommit transaction[0m
  [1m[36mActiveRecord::InternalMetadata Load (0.1ms)[0m  [1m[34mSELECT "ar_internal_metadata".* FROM "ar_internal_metadata" WHERE "ar_internal_metadata"."key" = ? LIMIT ?[0m  [["key", "environment"], ["LIMIT", 1]]
  [1m[36mTRANSACTION (0.0ms)[0m  [1m[36mbegin transaction[0m
  [1m[36mActiveRecord::InternalMetadata Create (0.2ms)[0m  [1m[32mINSERT INTO "ar_internal_metadata" ("key", "value", "created_at", "updated_at") VALUES (?, ?, ?, ?)[0m  [["key", "environment"], ["value", "development"], ["created_at", "2023-09-27 20:24:57.403279"], ["updated_at", "2023-09-27 20:24:57.403279"]]
  [1m[36mTRANSACTION (0.5ms)[0m  [1m[36mcommit transaction[0m
  [1m[36mActiveRecord::SchemaMigration Pluck (0.0ms)[0m  [1m[34mSELECT "schema_migrations"."version" FROM "schema_migrations" ORDER BY "schema_migrations"."version" ASC[0m
Started GET "/hola" for ::1 at 2023-09-27 16:24:57 -0400
  [1m[36mActiveRecord::SchemaMigration Pluck (0.0ms)[0m  [1m[34mSELECT "schema_migrations"."version" FROM "schema_migrations" ORDER BY "schema_migrations"."version" ASC[0m
Processing by TestController#hola as HTML
  Rendering layout layouts/application.html.erb
  Rendering test/hola.html.erb within layouts/application
  Rendered test/hola.html.erb within layouts/application (Duration: 0.2ms | Allocations: 126)
  Rendered layout layouts/application.html.erb (Duration: 5.8ms | Allocations: 13538)
Completed 200 OK in 7ms (Views: 6.5ms | ActiveRecord: 0.0ms | Allocations: 14404)


Started GET "/admin/tools/ramq/ri_test" for ::1 at 2023-09-27 16:25:09 -0400
  
ActionController::RoutingError (No route matches [GET] "/admin/tools/ramq/ri_test"):
  
  [1m[36mTRANSACTION (0.0ms)[0m  [1m[36mbegin transaction[0m
  [1m[36mPet Create (0.5ms)[0m  [1m[32mINSERT INTO "pets" ("name", "breed", "created_at", "updated_at") VALUES (?, ?, ?, ?)[0m  [["name", "Lucky"], ["breed", "Callejero"], ["created_at", "2023-09-27 20:29:33.760354"], ["updated_at", "2023-09-27 20:29:33.760354"]]
  [1m[36mTRANSACTION (0.5ms)[0m  [1m[36mcommit transaction[0m
  [1m[36mPet Load (0.3ms)[0m  [1m[34mSELECT "pets".* FROM "pets"[0m
  [1m[36mPet Load (0.4ms)[0m  [1m[34mSELECT "pets".* FROM "pets"[0m
Started GET "/hola" for ::1 at 2023-09-27 16:30:56 -0400
Processing by TestController#hola as HTML
  Rendering layout layouts/application.html.erb
  Rendering test/hola.html.erb within layouts/application
  Rendered test/hola.html.erb within layouts/application (Duration: 0.1ms | Allocations: 141)
  Rendered layout layouts/application.html.erb (Duration: 4.2ms | Allocations: 13504)
Completed 200 OK in 6ms (Views: 4.8ms | ActiveRecord: 0.0ms | Allocations: 15019)


Started GET "/hola" for ::1 at 2023-09-27 16:31:39 -0400
  
SyntaxError (/Users/lmoreno/MyPiscine_ruby/mi_app/app/controllers/test_controller.rb:4: syntax error, unexpected string literal, expecting ')'
    @pet = Pet.find(:name 'lucky')
                          ^
):
  
app/controllers/test_controller.rb:4: syntax error, unexpected string literal, expecting ')'
app/controllers/test_controller.rb:4: syntax error, unexpected string literal, expecting ')'
Started GET "/hola" for ::1 at 2023-09-27 16:32:34 -0400
Processing by TestController#hola as HTML
  [1m[36mPet Load (0.1ms)[0m  [1m[34mSELECT "pets".* FROM "pets" ORDER BY "pets"."id" ASC LIMIT ?[0m  [["LIMIT", 1]]
  ↳ app/controllers/test_controller.rb:4:in `hola'
  Rendering layout layouts/application.html.erb
  Rendering test/hola.html.erb within layouts/application
  Rendered test/hola.html.erb within layouts/application (Duration: 0.1ms | Allocations: 16)
  Rendered layout layouts/application.html.erb (Duration: 7.9ms | Allocations: 13183)
Completed 200 OK in 15ms (Views: 8.6ms | ActiveRecord: 0.6ms | Allocations: 18009)


Started GET "/hola" for ::1 at 2023-09-27 16:33:38 -0400
Processing by TestController#hola as HTML
  [1m[36mPet Load (0.0ms)[0m  [1m[34mSELECT "pets".* FROM "pets" ORDER BY "pets"."id" ASC LIMIT ?[0m  [["LIMIT", 1]]
  ↳ app/controllers/test_controller.rb:4:in `hola'
  Rendering layout layouts/application.html.erb
  Rendering test/hola.html.erb within layouts/application
  Rendered test/hola.html.erb within layouts/application (Duration: 0.0ms | Allocations: 12)
  Rendered layout layouts/application.html.erb (Duration: 4.1ms | Allocations: 13177)
Completed 200 OK in 7ms (Views: 4.4ms | ActiveRecord: 0.3ms | Allocations: 16610)


Started GET "/hola" for ::1 at 2023-09-27 16:34:59 -0400
Processing by TestController#hola as HTML
  [1m[36mPet Load (0.0ms)[0m  [1m[34mSELECT "pets".* FROM "pets" ORDER BY "pets"."id" ASC LIMIT ?[0m  [["LIMIT", 1]]
  ↳ app/controllers/test_controller.rb:4:in `hola'
  [1m[36mCACHE Pet Load (0.0ms)[0m  [1m[34mSELECT "pets".* FROM "pets" ORDER BY "pets"."id" ASC LIMIT ?[0m  [["LIMIT", 1]]
  ↳ app/controllers/test_controller.rb:5:in `hola'
  Rendering layout layouts/application.html.erb
  Rendering test/hola.html.erb within layouts/application
  Rendered test/hola.html.erb within layouts/application (Duration: 0.2ms | Allocations: 1053)
  Rendered layout layouts/application.html.erb (Duration: 0.3ms | Allocations: 1142)
Completed 500 Internal Server Error in 4ms (ActiveRecord: 0.3ms | Allocations: 5469)


  
ActionView::SyntaxErrorInTemplate (Encountered a syntax error while rendering template: check Hola mi leo.

<%= @mi_variable %>
<%= @pet soy raza @raza %>
):
1:    Hola mi leo.
2:    
3:    <%= @mi_variable %>
4:    <%= @pet soy raza @raza %>
  
app/views/test/hola.html.erb:4: syntax error, unexpected local variable or method, expecting ')'
app/views/test/hola.html.erb:4: syntax error, unexpected local variable or method, expecting ')'
app/views/test/hola.html.erb:4: syntax error, unexpected local variable or method, expecting ')'
app/views/test/hola.html.erb:4: syntax error, unexpected local variable or method, expecting ')'
Started GET "/hola" for ::1 at 2023-09-27 16:35:35 -0400
Processing by TestController#hola as HTML
  [1m[36mPet Load (0.2ms)[0m  [1m[34mSELECT "pets".* FROM "pets" ORDER BY "pets"."id" ASC LIMIT ?[0m  [["LIMIT", 1]]
  ↳ app/controllers/test_controller.rb:4:in `hola'
  [1m[36mCACHE Pet Load (0.0ms)[0m  [1m[34mSELECT "pets".* FROM "pets" ORDER BY "pets"."id" ASC LIMIT ?[0m  [["LIMIT", 1]]
  ↳ app/controllers/test_controller.rb:5:in `hola'
  Rendering layout layouts/application.html.erb
  Rendering test/hola.html.erb within layouts/application
  Rendered test/hola.html.erb within layouts/application (Duration: 0.5ms | Allocations: 151)
  Rendered layout layouts/application.html.erb (Duration: 13.5ms | Allocations: 13505)
Completed 200 OK in 21ms (Views: 15.8ms | ActiveRecord: 0.2ms | Allocations: 15471)


Started GET "/hola" for ::1 at 2023-09-27 16:37:04 -0400
Processing by TestController#hola as HTML
  [1m[36mPet Load (0.2ms)[0m  [1m[34mSELECT "pets".* FROM "pets" ORDER BY "pets"."id" ASC LIMIT ?[0m  [["LIMIT", 1]]
  ↳ app/controllers/test_controller.rb:4:in `hola'
  [1m[36mCACHE Pet Load (0.0ms)[0m  [1m[34mSELECT "pets".* FROM "pets" ORDER BY "pets"."id" ASC LIMIT ?[0m  [["LIMIT", 1]]
  ↳ app/controllers/test_controller.rb:5:in `hola'
  Rendering layout layouts/application.html.erb
  Rendering test/hola.html.erb within layouts/application
  Rendered test/hola.html.erb within layouts/application (Duration: 0.7ms | Allocations: 158)
  Rendered layout layouts/application.html.erb (Duration: 5.5ms | Allocations: 2828)
Completed 200 OK in 12ms (Views: 8.1ms | ActiveRecord: 0.2ms | Allocations: 4784)


Started GET "/hola" for ::1 at 2023-09-27 16:39:06 -0400
Processing by TestController#hola as HTML
  [1m[36mPet Load (0.2ms)[0m  [1m[34mSELECT "pets".* FROM "pets" ORDER BY "pets"."id" ASC LIMIT ?[0m  [["LIMIT", 1]]
  ↳ app/controllers/test_controller.rb:4:in `hola'
  [1m[36mCACHE Pet Load (0.0ms)[0m  [1m[34mSELECT "pets".* FROM "pets" ORDER BY "pets"."id" ASC LIMIT ?[0m  [["LIMIT", 1]]
  ↳ app/controllers/test_controller.rb:5:in `hola'
  Rendering layout layouts/application.html.erb
  Rendering test/hola.html.erb within layouts/application
  Rendered test/hola.html.erb within layouts/application (Duration: 0.9ms | Allocations: 250)
  Rendered layout layouts/application.html.erb (Duration: 6.9ms | Allocations: 2932)
Completed 200 OK in 14ms (Views: 9.8ms | ActiveRecord: 0.2ms | Allocations: 4898)


Started GET "/hola" for ::1 at 2023-09-27 16:40:00 -0400
Processing by TestController#hola as HTML
  Rendering layout layouts/application.html.erb
  Rendering test/hola.html.erb within layouts/application
  [1m[36mPet Load (0.0ms)[0m  [1m[34mSELECT "pets".* FROM "pets"[0m
  ↳ app/views/test/hola.html.erb:3
  Rendered test/hola.html.erb within layouts/application (Duration: 2.0ms | Allocations: 2530)
  Rendered layout layouts/application.html.erb (Duration: 7.1ms | Allocations: 15914)
Completed 200 OK in 10ms (Views: 7.4ms | ActiveRecord: 0.3ms | Allocations: 17361)


Started GET "/hola" for ::1 at 2023-09-27 16:40:06 -0400
Processing by TestController#hola as HTML
  Rendering layout layouts/application.html.erb
  Rendering test/hola.html.erb within layouts/application
  [1m[36mPet Load (0.2ms)[0m  [1m[34mSELECT "pets".* FROM "pets"[0m
  ↳ app/views/test/hola.html.erb:3
  Rendered test/hola.html.erb within layouts/application (Duration: 2.6ms | Allocations: 803)
  Rendered layout layouts/application.html.erb (Duration: 8.8ms | Allocations: 3471)
Completed 200 OK in 13ms (Views: 11.5ms | ActiveRecord: 0.2ms | Allocations: 4297)


  [1m[36mTRANSACTION (0.2ms)[0m  [1m[36mbegin transaction[0m
  [1m[36mPet Create (0.9ms)[0m  [1m[32mINSERT INTO "pets" ("name", "breed", "created_at", "updated_at") VALUES (?, ?, ?, ?)[0m  [["name", "Tobias"], ["breed", "Callejero"], ["created_at", "2023-09-27 20:40:42.612823"], ["updated_at", "2023-09-27 20:40:42.612823"]]
  [1m[36mTRANSACTION (1.2ms)[0m  [1m[36mcommit transaction[0m
Started GET "/hola" for ::1 at 2023-09-27 16:40:45 -0400
Processing by TestController#hola as HTML
  Rendering layout layouts/application.html.erb
  Rendering test/hola.html.erb within layouts/application
  [1m[36mPet Load (0.2ms)[0m  [1m[34mSELECT "pets".* FROM "pets"[0m
  ↳ app/views/test/hola.html.erb:3
  Rendered test/hola.html.erb within layouts/application (Duration: 1.9ms | Allocations: 587)
  Rendered layout layouts/application.html.erb (Duration: 6.2ms | Allocations: 2979)
Completed 200 OK in 8ms (Views: 6.8ms | ActiveRecord: 0.2ms | Allocations: 3252)


Started GET "/books" for ::1 at 2023-09-27 17:20:01 -0400
  [1m[36mActiveRecord::SchemaMigration Pluck (0.0ms)[0m  [1m[34mSELECT "schema_migrations"."version" FROM "schema_migrations" ORDER BY "schema_migrations"."version" ASC[0m
  [1m[36mCACHE ActiveRecord::SchemaMigration Pluck (0.0ms)[0m  [1m[34mSELECT "schema_migrations"."version" FROM "schema_migrations" ORDER BY "schema_migrations"."version" ASC[0m
  
ActiveRecord::PendingMigrationError (

Migrations are pending. To resolve this issue, run:

        bin/rails db:migrate RAILS_ENV=development

You have 1 pending migration:

20230927211947_create_books.rb


):
  
activerecord (7.0.8) lib/active_record/migration.rb:662:in `check_pending!'
activerecord (7.0.8) lib/active_record/migration.rb:627:in `block (2 levels) in call'
activesupport (7.0.8) lib/active_support/file_update_checker.rb:83:in `execute'
activesupport (7.0.8) lib/active_support/file_update_checker.rb:93:in `execute_if_updated'
activerecord (7.0.8) lib/active_record/migration.rb:634:in `block in call'
activerecord (7.0.8) lib/active_record/migration.rb:624:in `synchronize'
activerecord (7.0.8) lib/active_record/migration.rb:624:in `call'
actionpack (7.0.8) lib/action_dispatch/middleware/callbacks.rb:27:in `block in call'
activesupport (7.0.8) lib/active_support/callbacks.rb:99:in `run_callbacks'
actionpack (7.0.8) lib/action_dispatch/middleware/callbacks.rb:26:in `call'
actionpack (7.0.8) lib/action_dispatch/middleware/executor.rb:14:in `call'
actionpack (7.0.8) lib/action_dispatch/middleware/actionable_exceptions.rb:17:in `call'
actionpack (7.0.8) lib/action_dispatch/middleware/debug_exceptions.rb:28:in `call'
web-console (4.2.1) lib/web_console/middleware.rb:132:in `call_app'
web-console (4.2.1) lib/web_console/middleware.rb:28:in `block in call'
web-console (4.2.1) lib/web_console/middleware.rb:17:in `catch'
web-console (4.2.1) lib/web_console/middleware.rb:17:in `call'
actionpack (7.0.8) lib/action_dispatch/middleware/show_exceptions.rb:29:in `call'
railties (7.0.8) lib/rails/rack/logger.rb:40:in `call_app'
railties (7.0.8) lib/rails/rack/logger.rb:25:in `block in call'
activesupport (7.0.8) lib/active_support/tagged_logging.rb:99:in `block in tagged'
activesupport (7.0.8) lib/active_support/tagged_logging.rb:37:in `tagged'
activesupport (7.0.8) lib/active_support/tagged_logging.rb:99:in `tagged'
railties (7.0.8) lib/rails/rack/logger.rb:25:in `call'
sprockets-rails (3.4.2) lib/sprockets/rails/quiet_assets.rb:13:in `call'
actionpack (7.0.8) lib/action_dispatch/middleware/remote_ip.rb:93:in `call'
actionpack (7.0.8) lib/action_dispatch/middleware/request_id.rb:26:in `call'
rack (2.2.8) lib/rack/method_override.rb:24:in `call'
rack (2.2.8) lib/rack/runtime.rb:22:in `call'
activesupport (7.0.8) lib/active_support/cache/strategy/local_cache_middleware.rb:29:in `call'
actionpack (7.0.8) lib/action_dispatch/middleware/server_timing.rb:61:in `block in call'
actionpack (7.0.8) lib/action_dispatch/middleware/server_timing.rb:26:in `collect_events'
actionpack (7.0.8) lib/action_dispatch/middleware/server_timing.rb:60:in `call'
actionpack (7.0.8) lib/action_dispatch/middleware/executor.rb:14:in `call'
actionpack (7.0.8) lib/action_dispatch/middleware/static.rb:23:in `call'
rack (2.2.8) lib/rack/sendfile.rb:110:in `call'
actionpack (7.0.8) lib/action_dispatch/middleware/host_authorization.rb:138:in `call'
railties (7.0.8) lib/rails/engine.rb:530:in `call'
puma (5.6.7) lib/puma/configuration.rb:252:in `call'
puma (5.6.7) lib/puma/request.rb:77:in `block in handle_request'
puma (5.6.7) lib/puma/thread_pool.rb:340:in `with_force_shutdown'
puma (5.6.7) lib/puma/request.rb:76:in `handle_request'
puma (5.6.7) lib/puma/server.rb:443:in `process_client'
puma (5.6.7) lib/puma/thread_pool.rb:147:in `block in spawn_thread'
Started POST "/rails/actions" for ::1 at 2023-09-27 17:20:04 -0400
  [1m[36mActiveRecord::SchemaMigration Pluck (0.1ms)[0m  [1m[34mSELECT "schema_migrations"."version" FROM "schema_migrations" ORDER BY "schema_migrations"."version" ASC[0m
Migrating to CreateBooks (20230927211947)
  [1m[36mTRANSACTION (0.1ms)[0m  [1m[36mbegin transaction[0m
  [1m[35m (0.6ms)[0m  [1m[35mCREATE TABLE "books" ("id" integer PRIMARY KEY AUTOINCREMENT NOT NULL, "tile" varchar, "author" varchar, "pages" integer, "comments" text, "created_at" datetime(6) NOT NULL, "updated_at" datetime(6) NOT NULL)[0m
  [1m[36mActiveRecord::SchemaMigration Create (0.2ms)[0m  [1m[32mINSERT INTO "schema_migrations" ("version") VALUES (?)[0m  [["version", "20230927211947"]]
  [1m[36mTRANSACTION (1.6ms)[0m  [1m[36mcommit transaction[0m
  [1m[36mActiveRecord::InternalMetadata Load (0.3ms)[0m  [1m[34mSELECT "ar_internal_metadata".* FROM "ar_internal_metadata" WHERE "ar_internal_metadata"."key" = ? LIMIT ?[0m  [["key", "environment"], ["LIMIT", 1]]
  [1m[36mActiveRecord::SchemaMigration Pluck (0.1ms)[0m  [1m[34mSELECT "schema_migrations"."version" FROM "schema_migrations" ORDER BY "schema_migrations"."version" ASC[0m
Started GET "/books" for ::1 at 2023-09-27 17:20:04 -0400
  [1m[36mActiveRecord::SchemaMigration Pluck (0.0ms)[0m  [1m[34mSELECT "schema_migrations"."version" FROM "schema_migrations" ORDER BY "schema_migrations"."version" ASC[0m
Processing by BooksController#index as HTML
  Rendering layout layouts/application.html.erb
  Rendering books/index.html.erb within layouts/application
  [1m[36mBook Load (0.1ms)[0m  [1m[34mSELECT "books".* FROM "books"[0m
  ↳ app/views/books/index.html.erb:6
  Rendered books/index.html.erb within layouts/application (Duration: 0.9ms | Allocations: 1296)
  Rendered layout layouts/application.html.erb (Duration: 6.4ms | Allocations: 14363)
Completed 200 OK in 9ms (Views: 7.3ms | ActiveRecord: 0.1ms | Allocations: 15872)


Started GET "/books/new" for ::1 at 2023-09-27 17:20:10 -0400
Processing by BooksController#new as HTML
  Rendering layout layouts/application.html.erb
  Rendering books/new.html.erb within layouts/application
  Rendered books/_form.html.erb (Duration: 12.8ms | Allocations: 3429)
  Rendered books/new.html.erb within layouts/application (Duration: 14.2ms | Allocations: 3727)
  Rendered layout layouts/application.html.erb (Duration: 16.8ms | Allocations: 5832)
Completed 200 OK in 26ms (Views: 17.5ms | ActiveRecord: 0.8ms | Allocations: 9749)


Started POST "/books" for ::1 at 2023-09-27 17:20:53 -0400
Processing by BooksController#create as TURBO_STREAM
  Parameters: {"authenticity_token"=>"[FILTERED]", "book"=>{"tile"=>"El coronel no tiene quien le escriba", "author"=>"Gabriel garcia marquez", "pages"=>"100", "comments"=>"Mejor libro de mi vida."}, "commit"=>"Create Book"}
  [1m[36mTRANSACTION (0.1ms)[0m  [1m[36mbegin transaction[0m
  ↳ app/controllers/books_controller.rb:27:in `block in create'
  [1m[36mBook Create (0.8ms)[0m  [1m[32mINSERT INTO "books" ("tile", "author", "pages", "comments", "created_at", "updated_at") VALUES (?, ?, ?, ?, ?, ?)[0m  [["tile", "El coronel no tiene quien le escriba"], ["author", "Gabriel garcia marquez"], ["pages", 100], ["comments", "Mejor libro de mi vida."], ["created_at", "2023-09-27 21:20:53.347002"], ["updated_at", "2023-09-27 21:20:53.347002"]]
  ↳ app/controllers/books_controller.rb:27:in `block in create'
  [1m[36mTRANSACTION (1.1ms)[0m  [1m[36mcommit transaction[0m
  ↳ app/controllers/books_controller.rb:27:in `block in create'
Redirected to http://localhost:3000/books/1
Completed 302 Found in 10ms (ActiveRecord: 2.1ms | Allocations: 2805)


Started GET "/books/1" for ::1 at 2023-09-27 17:20:53 -0400
Processing by BooksController#show as TURBO_STREAM
  Parameters: {"id"=>"1"}
  [1m[36mBook Load (0.2ms)[0m  [1m[34mSELECT "books".* FROM "books" WHERE "books"."id" = ? LIMIT ?[0m  [["id", 1], ["LIMIT", 1]]
  ↳ app/controllers/books_controller.rb:63:in `set_book'
  Rendering layout layouts/application.html.erb
  Rendering books/show.html.erb within layouts/application
  Rendered books/_book.html.erb (Duration: 0.3ms | Allocations: 245)
  Rendered books/show.html.erb within layouts/application (Duration: 8.9ms | Allocations: 8158)
  Rendered layout layouts/application.html.erb (Duration: 10.2ms | Allocations: 10255)
Completed 200 OK in 13ms (Views: 10.6ms | ActiveRecord: 0.2ms | Allocations: 11832)


Started GET "/books" for ::1 at 2023-09-27 17:21:01 -0400
Processing by BooksController#index as HTML
  Rendering layout layouts/application.html.erb
  Rendering books/index.html.erb within layouts/application
  [1m[36mBook Load (0.2ms)[0m  [1m[34mSELECT "books".* FROM "books"[0m
  ↳ app/views/books/index.html.erb:6
  Rendered books/_book.html.erb (Duration: 0.1ms | Allocations: 26)
  Rendered books/index.html.erb within layouts/application (Duration: 2.8ms | Allocations: 1026)
  Rendered layout layouts/application.html.erb (Duration: 6.9ms | Allocations: 3131)
Completed 200 OK in 8ms (Views: 7.3ms | ActiveRecord: 0.2ms | Allocations: 3401)


Started GET "/books/new" for ::1 at 2023-09-27 17:21:02 -0400
Processing by BooksController#new as HTML
  Rendering layout layouts/application.html.erb
  Rendering books/new.html.erb within layouts/application
  Rendered books/_form.html.erb (Duration: 3.0ms | Allocations: 1512)
  Rendered books/new.html.erb within layouts/application (Duration: 3.3ms | Allocations: 1601)
  Rendered layout layouts/application.html.erb (Duration: 7.1ms | Allocations: 3706)
Completed 200 OK in 9ms (Views: 7.9ms | ActiveRecord: 0.0ms | Allocations: 3980)


Started POST "/books" for ::1 at 2023-09-27 17:21:22 -0400
Processing by BooksController#create as TURBO_STREAM
  Parameters: {"authenticity_token"=>"[FILTERED]", "book"=>{"tile"=>"El programador Pragmatico", "author"=>"NO SE", "pages"=>"643", "comments"=>"Muy bueno"}, "commit"=>"Create Book"}
  [1m[36mTRANSACTION (0.1ms)[0m  [1m[36mbegin transaction[0m
  ↳ app/controllers/books_controller.rb:27:in `block in create'
  [1m[36mBook Create (0.9ms)[0m  [1m[32mINSERT INTO "books" ("tile", "author", "pages", "comments", "created_at", "updated_at") VALUES (?, ?, ?, ?, ?, ?)[0m  [["tile", "El programador Pragmatico"], ["author", "NO SE"], ["pages", 643], ["comments", "Muy bueno"], ["created_at", "2023-09-27 21:21:22.186769"], ["updated_at", "2023-09-27 21:21:22.186769"]]
  ↳ app/controllers/books_controller.rb:27:in `block in create'
  [1m[36mTRANSACTION (1.1ms)[0m  [1m[36mcommit transaction[0m
  ↳ app/controllers/books_controller.rb:27:in `block in create'
Redirected to http://localhost:3000/books/2
Completed 302 Found in 8ms (ActiveRecord: 2.1ms | Allocations: 2431)


Started GET "/books/2" for ::1 at 2023-09-27 17:21:22 -0400
Processing by BooksController#show as TURBO_STREAM
  Parameters: {"id"=>"2"}
  [1m[36mBook Load (0.1ms)[0m  [1m[34mSELECT "books".* FROM "books" WHERE "books"."id" = ? LIMIT ?[0m  [["id", 2], ["LIMIT", 1]]
  ↳ app/controllers/books_controller.rb:63:in `set_book'
  Rendering layout layouts/application.html.erb
  Rendering books/show.html.erb within layouts/application
  Rendered books/_book.html.erb (Duration: 0.1ms | Allocations: 24)
  Rendered books/show.html.erb within layouts/application (Duration: 0.9ms | Allocations: 693)
  Rendered layout layouts/application.html.erb (Duration: 3.4ms | Allocations: 2806)
Completed 200 OK in 5ms (Views: 3.7ms | ActiveRecord: 0.1ms | Allocations: 3561)


Started GET "/books" for ::1 at 2023-09-27 17:21:24 -0400
Processing by BooksController#index as HTML
  Rendering layout layouts/application.html.erb
  Rendering books/index.html.erb within layouts/application
  [1m[36mBook Load (0.3ms)[0m  [1m[34mSELECT "books".* FROM "books"[0m
  ↳ app/views/books/index.html.erb:6
  Rendered books/_book.html.erb (Duration: 0.1ms | Allocations: 26)
  Rendered books/_book.html.erb (Duration: 0.0ms | Allocations: 23)
  Rendered books/index.html.erb within layouts/application (Duration: 3.0ms | Allocations: 1162)
  Rendered layout layouts/application.html.erb (Duration: 8.4ms | Allocations: 3279)
Completed 200 OK in 11ms (Views: 10.2ms | ActiveRecord: 0.3ms | Allocations: 3550)


Started GET "/books/new" for ::1 at 2023-09-27 17:21:28 -0400
Processing by BooksController#new as HTML
  Rendering layout layouts/application.html.erb
  Rendering books/new.html.erb within layouts/application
  Rendered books/_form.html.erb (Duration: 3.6ms | Allocations: 1508)
  Rendered books/new.html.erb within layouts/application (Duration: 3.9ms | Allocations: 1597)
  Rendered layout layouts/application.html.erb (Duration: 8.8ms | Allocations: 3705)
Completed 200 OK in 11ms (Views: 9.6ms | ActiveRecord: 0.0ms | Allocations: 3980)


Started POST "/books" for ::1 at 2023-09-27 17:21:55 -0400
Processing by BooksController#create as TURBO_STREAM
  Parameters: {"authenticity_token"=>"[FILTERED]", "book"=>{"tile"=>"Meditacion autentica", "author"=>"NO SE", "pages"=>"109", "comments"=>"Un llamado al despertar"}, "commit"=>"Create Book"}
  [1m[36mTRANSACTION (0.1ms)[0m  [1m[36mbegin transaction[0m
  ↳ app/controllers/books_controller.rb:27:in `block in create'
  [1m[36mBook Create (0.8ms)[0m  [1m[32mINSERT INTO "books" ("tile", "author", "pages", "comments", "created_at", "updated_at") VALUES (?, ?, ?, ?, ?, ?)[0m  [["tile", "Meditacion autentica"], ["author", "NO SE"], ["pages", 109], ["comments", "Un llamado al despertar"], ["created_at", "2023-09-27 21:21:55.247395"], ["updated_at", "2023-09-27 21:21:55.247395"]]
  ↳ app/controllers/books_controller.rb:27:in `block in create'
  [1m[36mTRANSACTION (1.2ms)[0m  [1m[36mcommit transaction[0m
  ↳ app/controllers/books_controller.rb:27:in `block in create'
Redirected to http://localhost:3000/books/3
Completed 302 Found in 9ms (ActiveRecord: 2.1ms | Allocations: 2423)


Started GET "/books/3" for ::1 at 2023-09-27 17:21:55 -0400
Processing by BooksController#show as TURBO_STREAM
  Parameters: {"id"=>"3"}
  [1m[36mBook Load (0.1ms)[0m  [1m[34mSELECT "books".* FROM "books" WHERE "books"."id" = ? LIMIT ?[0m  [["id", 3], ["LIMIT", 1]]
  ↳ app/controllers/books_controller.rb:63:in `set_book'
  Rendering layout layouts/application.html.erb
  Rendering books/show.html.erb within layouts/application
  Rendered books/_book.html.erb (Duration: 0.1ms | Allocations: 25)
  Rendered books/show.html.erb within layouts/application (Duration: 1.2ms | Allocations: 687)
  Rendered layout layouts/application.html.erb (Duration: 3.2ms | Allocations: 2784)
Completed 200 OK in 5ms (Views: 3.7ms | ActiveRecord: 0.1ms | Allocations: 3538)


Started GET "/books" for ::1 at 2023-09-27 17:21:57 -0400
Processing by BooksController#index as HTML
  Rendering layout layouts/application.html.erb
  Rendering books/index.html.erb within layouts/application
  [1m[36mBook Load (0.2ms)[0m  [1m[34mSELECT "books".* FROM "books"[0m
  ↳ app/views/books/index.html.erb:6
  Rendered books/_book.html.erb (Duration: 0.1ms | Allocations: 26)
  Rendered books/_book.html.erb (Duration: 0.0ms | Allocations: 23)
  Rendered books/_book.html.erb (Duration: 0.0ms | Allocations: 24)
  Rendered books/index.html.erb within layouts/application (Duration: 3.6ms | Allocations: 1300)
  Rendered layout layouts/application.html.erb (Duration: 8.5ms | Allocations: 3405)
Completed 200 OK in 10ms (Views: 9.2ms | ActiveRecord: 0.2ms | Allocations: 3676)


Started GET "/books/1" for ::1 at 2023-09-27 17:22:05 -0400
Processing by BooksController#show as HTML
  Parameters: {"id"=>"1"}
  [1m[36mBook Load (0.3ms)[0m  [1m[34mSELECT "books".* FROM "books" WHERE "books"."id" = ? LIMIT ?[0m  [["id", 1], ["LIMIT", 1]]
  ↳ app/controllers/books_controller.rb:63:in `set_book'
  Rendering layout layouts/application.html.erb
  Rendering books/show.html.erb within layouts/application
  Rendered books/_book.html.erb (Duration: 0.1ms | Allocations: 26)
  Rendered books/show.html.erb within layouts/application (Duration: 1.7ms | Allocations: 683)
  Rendered layout layouts/application.html.erb (Duration: 5.7ms | Allocations: 2780)
Completed 200 OK in 9ms (Views: 6.3ms | ActiveRecord: 0.3ms | Allocations: 3531)


Started GET "/books" for ::1 at 2023-09-27 17:22:08 -0400
Processing by BooksController#index as HTML
  Rendering layout layouts/application.html.erb
  Rendering books/index.html.erb within layouts/application
  [1m[36mBook Load (0.2ms)[0m  [1m[34mSELECT "books".* FROM "books"[0m
  ↳ app/views/books/index.html.erb:6
  Rendered books/_book.html.erb (Duration: 0.1ms | Allocations: 26)
  Rendered books/_book.html.erb (Duration: 0.0ms | Allocations: 23)
  Rendered books/_book.html.erb (Duration: 0.0ms | Allocations: 24)
  Rendered books/index.html.erb within layouts/application (Duration: 3.0ms | Allocations: 1315)
  Rendered layout layouts/application.html.erb (Duration: 7.3ms | Allocations: 3420)
Completed 200 OK in 9ms (Views: 7.8ms | ActiveRecord: 0.2ms | Allocations: 3691)


Started GET "/books/1" for ::1 at 2023-09-27 17:23:58 -0400
  [1m[36mActiveRecord::SchemaMigration Pluck (0.0ms)[0m  [1m[34mSELECT "schema_migrations"."version" FROM "schema_migrations" ORDER BY "schema_migrations"."version" ASC[0m
  [1m[36mCACHE ActiveRecord::SchemaMigration Pluck (0.0ms)[0m  [1m[34mSELECT "schema_migrations"."version" FROM "schema_migrations" ORDER BY "schema_migrations"."version" ASC[0m
  
ActiveRecord::PendingMigrationError (

Migrations are pending. To resolve this issue, run:

        bin/rails db:migrate RAILS_ENV=development

You have 1 pending migration:

20230927212353_create_books.rb


):
  
activerecord (7.0.8) lib/active_record/migration.rb:662:in `check_pending!'
activerecord (7.0.8) lib/active_record/migration.rb:627:in `block (2 levels) in call'
activesupport (7.0.8) lib/active_support/file_update_checker.rb:83:in `execute'
activesupport (7.0.8) lib/active_support/file_update_checker.rb:93:in `execute_if_updated'
activerecord (7.0.8) lib/active_record/migration.rb:634:in `block in call'
activerecord (7.0.8) lib/active_record/migration.rb:624:in `synchronize'
activerecord (7.0.8) lib/active_record/migration.rb:624:in `call'
actionpack (7.0.8) lib/action_dispatch/middleware/callbacks.rb:27:in `block in call'
activesupport (7.0.8) lib/active_support/callbacks.rb:99:in `run_callbacks'
actionpack (7.0.8) lib/action_dispatch/middleware/callbacks.rb:26:in `call'
actionpack (7.0.8) lib/action_dispatch/middleware/executor.rb:14:in `call'
actionpack (7.0.8) lib/action_dispatch/middleware/actionable_exceptions.rb:17:in `call'
actionpack (7.0.8) lib/action_dispatch/middleware/debug_exceptions.rb:28:in `call'
web-console (4.2.1) lib/web_console/middleware.rb:132:in `call_app'
web-console (4.2.1) lib/web_console/middleware.rb:28:in `block in call'
web-console (4.2.1) lib/web_console/middleware.rb:17:in `catch'
web-console (4.2.1) lib/web_console/middleware.rb:17:in `call'
actionpack (7.0.8) lib/action_dispatch/middleware/show_exceptions.rb:29:in `call'
railties (7.0.8) lib/rails/rack/logger.rb:40:in `call_app'
railties (7.0.8) lib/rails/rack/logger.rb:25:in `block in call'
activesupport (7.0.8) lib/active_support/tagged_logging.rb:99:in `block in tagged'
activesupport (7.0.8) lib/active_support/tagged_logging.rb:37:in `tagged'
activesupport (7.0.8) lib/active_support/tagged_logging.rb:99:in `tagged'
railties (7.0.8) lib/rails/rack/logger.rb:25:in `call'
sprockets-rails (3.4.2) lib/sprockets/rails/quiet_assets.rb:13:in `call'
actionpack (7.0.8) lib/action_dispatch/middleware/remote_ip.rb:93:in `call'
actionpack (7.0.8) lib/action_dispatch/middleware/request_id.rb:26:in `call'
rack (2.2.8) lib/rack/method_override.rb:24:in `call'
rack (2.2.8) lib/rack/runtime.rb:22:in `call'
activesupport (7.0.8) lib/active_support/cache/strategy/local_cache_middleware.rb:29:in `call'
actionpack (7.0.8) lib/action_dispatch/middleware/server_timing.rb:61:in `block in call'
actionpack (7.0.8) lib/action_dispatch/middleware/server_timing.rb:26:in `collect_events'
actionpack (7.0.8) lib/action_dispatch/middleware/server_timing.rb:60:in `call'
actionpack (7.0.8) lib/action_dispatch/middleware/executor.rb:14:in `call'
actionpack (7.0.8) lib/action_dispatch/middleware/static.rb:23:in `call'
rack (2.2.8) lib/rack/sendfile.rb:110:in `call'
actionpack (7.0.8) lib/action_dispatch/middleware/host_authorization.rb:138:in `call'
railties (7.0.8) lib/rails/engine.rb:530:in `call'
puma (5.6.7) lib/puma/configuration.rb:252:in `call'
puma (5.6.7) lib/puma/request.rb:77:in `block in handle_request'
puma (5.6.7) lib/puma/thread_pool.rb:340:in `with_force_shutdown'
puma (5.6.7) lib/puma/request.rb:76:in `handle_request'
puma (5.6.7) lib/puma/server.rb:443:in `process_client'
puma (5.6.7) lib/puma/thread_pool.rb:147:in `block in spawn_thread'
Started POST "/rails/actions" for ::1 at 2023-09-27 17:24:00 -0400
  [1m[36mActiveRecord::SchemaMigration Pluck (0.1ms)[0m  [1m[34mSELECT "schema_migrations"."version" FROM "schema_migrations" ORDER BY "schema_migrations"."version" ASC[0m
Migrating to CreateBooks (20230927212353)
  [1m[36mTRANSACTION (0.1ms)[0m  [1m[36mbegin transaction[0m
  [1m[35m (0.6ms)[0m  [1m[35mCREATE TABLE "books" ("id" integer PRIMARY KEY AUTOINCREMENT NOT NULL, "tile" varchar, "author" varchar, "pages_count" integer, "comments" text, "isbn" varchar, "created_at" datetime(6) NOT NULL, "updated_at" datetime(6) NOT NULL)[0m
  [1m[36mTRANSACTION (0.0ms)[0m  [1m[31mrollback transaction[0m
  
StandardError (An error has occurred, this and all later migrations canceled:

SQLite3::SQLException: table "books" already exists):
  
sqlite3-1.6.6-arm64 (darwin) lib/sqlite3/database.rb:150:in `initialize'
sqlite3-1.6.6-arm64 (darwin) lib/sqlite3/database.rb:150:in `new'
sqlite3-1.6.6-arm64 (darwin) lib/sqlite3/database.rb:150:in `prepare'
sqlite3-1.6.6-arm64 (darwin) lib/sqlite3/database.rb:194:in `execute'
activerecord (7.0.8) lib/active_record/connection_adapters/sqlite3/database_statements.rb:32:in `block (2 levels) in execute'
activesupport (7.0.8) lib/active_support/concurrency/share_lock.rb:187:in `yield_shares'
activesupport (7.0.8) lib/active_support/dependencies/interlock.rb:41:in `permit_concurrent_loads'
activerecord (7.0.8) lib/active_record/connection_adapters/sqlite3/database_statements.rb:31:in `block in execute'
activesupport (7.0.8) lib/active_support/concurrency/load_interlock_aware_monitor.rb:25:in `handle_interrupt'
activesupport (7.0.8) lib/active_support/concurrency/load_interlock_aware_monitor.rb:25:in `block in synchronize'
activesupport (7.0.8) lib/active_support/concurrency/load_interlock_aware_monitor.rb:21:in `handle_interrupt'
activesupport (7.0.8) lib/active_support/concurrency/load_interlock_aware_monitor.rb:21:in `synchronize'
activerecord (7.0.8) lib/active_record/connection_adapters/abstract_adapter.rb:752:in `block in log'
activesupport (7.0.8) lib/active_support/notifications/instrumenter.rb:24:in `instrument'
activerecord (7.0.8) lib/active_record/connection_adapters/abstract_adapter.rb:743:in `log'
activerecord (7.0.8) lib/active_record/connection_adapters/sqlite3/database_statements.rb:30:in `execute'
activerecord (7.0.8) lib/active_record/connection_adapters/abstract/schema_statements.rb:326:in `create_table'
activerecord (7.0.8) lib/active_record/migration.rb:965:in `block in method_missing'
activerecord (7.0.8) lib/active_record/migration.rb:935:in `block in say_with_time'
/Users/lmoreno/.rbenv/versions/3.2.2/lib/ruby/3.2.0/benchmark.rb:296:in `measure'
activerecord (7.0.8) lib/active_record/migration.rb:935:in `say_with_time'
activerecord (7.0.8) lib/active_record/migration.rb:954:in `method_missing'
activerecord (7.0.8) lib/active_record/migration.rb:556:in `create_table'
db/migrate/20230927212353_create_books.rb:3:in `change'
activerecord (7.0.8) lib/active_record/migration.rb:905:in `exec_migration'
activerecord (7.0.8) lib/active_record/migration.rb:889:in `block (2 levels) in migrate'
/Users/lmoreno/.rbenv/versions/3.2.2/lib/ruby/3.2.0/benchmark.rb:296:in `measure'
activerecord (7.0.8) lib/active_record/migration.rb:888:in `block in migrate'
activerecord (7.0.8) lib/active_record/connection_adapters/abstract/connection_pool.rb:215:in `with_connection'
activerecord (7.0.8) lib/active_record/migration.rb:887:in `migrate'
activerecord (7.0.8) lib/active_record/migration.rb:1095:in `migrate'
activerecord (7.0.8) lib/active_record/migration.rb:1409:in `block in execute_migration_in_transaction'
activerecord (7.0.8) lib/active_record/connection_adapters/abstract/transaction.rb:319:in `block in within_new_transaction'
activesupport (7.0.8) lib/active_support/concurrency/load_interlock_aware_monitor.rb:25:in `handle_interrupt'
activesupport (7.0.8) lib/active_support/concurrency/load_interlock_aware_monitor.rb:25:in `block in synchronize'
activesupport (7.0.8) lib/active_support/concurrency/load_interlock_aware_monitor.rb:21:in `handle_interrupt'
activesupport (7.0.8) lib/active_support/concurrency/load_interlock_aware_monitor.rb:21:in `synchronize'
activerecord (7.0.8) lib/active_record/connection_adapters/abstract/transaction.rb:317:in `within_new_transaction'
activerecord (7.0.8) lib/active_record/connection_adapters/abstract/database_statements.rb:316:in `transaction'
activerecord (7.0.8) lib/active_record/transactions.rb:209:in `transaction'
activerecord (7.0.8) lib/active_record/migration.rb:1460:in `ddl_transaction'
activerecord (7.0.8) lib/active_record/migration.rb:1408:in `execute_migration_in_transaction'
activerecord (7.0.8) lib/active_record/migration.rb:1382:in `each'
activerecord (7.0.8) lib/active_record/migration.rb:1382:in `migrate_without_lock'
activerecord (7.0.8) lib/active_record/migration.rb:1333:in `migrate'
activerecord (7.0.8) lib/active_record/migration.rb:1166:in `up'
activerecord (7.0.8) lib/active_record/migration.rb:1141:in `migrate'
activerecord (7.0.8) lib/active_record/tasks/database_tasks.rb:262:in `migrate'
activerecord (7.0.8) lib/active_record/migration.rb:137:in `block in <class:PendingMigrationError>'
activesupport (7.0.8) lib/active_support/actionable_error.rb:28:in `dispatch'
actionpack (7.0.8) lib/action_dispatch/middleware/actionable_exceptions.rb:19:in `call'
actionpack (7.0.8) lib/action_dispatch/middleware/debug_exceptions.rb:28:in `call'
web-console (4.2.1) lib/web_console/middleware.rb:132:in `call_app'
web-console (4.2.1) lib/web_console/middleware.rb:28:in `block in call'
web-console (4.2.1) lib/web_console/middleware.rb:17:in `catch'
web-console (4.2.1) lib/web_console/middleware.rb:17:in `call'
actionpack (7.0.8) lib/action_dispatch/middleware/show_exceptions.rb:29:in `call'
railties (7.0.8) lib/rails/rack/logger.rb:40:in `call_app'
railties (7.0.8) lib/rails/rack/logger.rb:25:in `block in call'
activesupport (7.0.8) lib/active_support/tagged_logging.rb:99:in `block in tagged'
activesupport (7.0.8) lib/active_support/tagged_logging.rb:37:in `tagged'
activesupport (7.0.8) lib/active_support/tagged_logging.rb:99:in `tagged'
railties (7.0.8) lib/rails/rack/logger.rb:25:in `call'
sprockets-rails (3.4.2) lib/sprockets/rails/quiet_assets.rb:13:in `call'
actionpack (7.0.8) lib/action_dispatch/middleware/remote_ip.rb:93:in `call'
actionpack (7.0.8) lib/action_dispatch/middleware/request_id.rb:26:in `call'
rack (2.2.8) lib/rack/method_override.rb:24:in `call'
rack (2.2.8) lib/rack/runtime.rb:22:in `call'
activesupport (7.0.8) lib/active_support/cache/strategy/local_cache_middleware.rb:29:in `call'
actionpack (7.0.8) lib/action_dispatch/middleware/server_timing.rb:61:in `block in call'
actionpack (7.0.8) lib/action_dispatch/middleware/server_timing.rb:26:in `collect_events'
actionpack (7.0.8) lib/action_dispatch/middleware/server_timing.rb:60:in `call'
actionpack (7.0.8) lib/action_dispatch/middleware/executor.rb:14:in `call'
actionpack (7.0.8) lib/action_dispatch/middleware/static.rb:23:in `call'
rack (2.2.8) lib/rack/sendfile.rb:110:in `call'
actionpack (7.0.8) lib/action_dispatch/middleware/host_authorization.rb:138:in `call'
railties (7.0.8) lib/rails/engine.rb:530:in `call'
puma (5.6.7) lib/puma/configuration.rb:252:in `call'
puma (5.6.7) lib/puma/request.rb:77:in `block in handle_request'
puma (5.6.7) lib/puma/thread_pool.rb:340:in `with_force_shutdown'
puma (5.6.7) lib/puma/request.rb:76:in `handle_request'
puma (5.6.7) lib/puma/server.rb:443:in `process_client'
puma (5.6.7) lib/puma/thread_pool.rb:147:in `block in spawn_thread'
Started GET "/books/1" for ::1 at 2023-09-27 17:24:12 -0400
  [1m[36mActiveRecord::SchemaMigration Pluck (0.1ms)[0m  [1m[34mSELECT "schema_migrations"."version" FROM "schema_migrations" ORDER BY "schema_migrations"."version" ASC[0m
  [1m[36mCACHE ActiveRecord::SchemaMigration Pluck (0.0ms)[0m  [1m[34mSELECT "schema_migrations"."version" FROM "schema_migrations" ORDER BY "schema_migrations"."version" ASC[0m
  
ActiveRecord::PendingMigrationError (

Migrations are pending. To resolve this issue, run:

        bin/rails db:migrate RAILS_ENV=development

You have 1 pending migration:

20230927212353_create_books.rb


):
  
activerecord (7.0.8) lib/active_record/migration.rb:662:in `check_pending!'
activerecord (7.0.8) lib/active_record/migration.rb:627:in `block (2 levels) in call'
activesupport (7.0.8) lib/active_support/file_update_checker.rb:83:in `execute'
activerecord (7.0.8) lib/active_record/migration.rb:632:in `block in call'
activerecord (7.0.8) lib/active_record/migration.rb:624:in `synchronize'
activerecord (7.0.8) lib/active_record/migration.rb:624:in `call'
actionpack (7.0.8) lib/action_dispatch/middleware/callbacks.rb:27:in `block in call'
activesupport (7.0.8) lib/active_support/callbacks.rb:99:in `run_callbacks'
actionpack (7.0.8) lib/action_dispatch/middleware/callbacks.rb:26:in `call'
actionpack (7.0.8) lib/action_dispatch/middleware/executor.rb:14:in `call'
actionpack (7.0.8) lib/action_dispatch/middleware/actionable_exceptions.rb:17:in `call'
actionpack (7.0.8) lib/action_dispatch/middleware/debug_exceptions.rb:28:in `call'
web-console (4.2.1) lib/web_console/middleware.rb:132:in `call_app'
web-console (4.2.1) lib/web_console/middleware.rb:28:in `block in call'
web-console (4.2.1) lib/web_console/middleware.rb:17:in `catch'
web-console (4.2.1) lib/web_console/middleware.rb:17:in `call'
actionpack (7.0.8) lib/action_dispatch/middleware/show_exceptions.rb:29:in `call'
railties (7.0.8) lib/rails/rack/logger.rb:40:in `call_app'
railties (7.0.8) lib/rails/rack/logger.rb:25:in `block in call'
activesupport (7.0.8) lib/active_support/tagged_logging.rb:99:in `block in tagged'
activesupport (7.0.8) lib/active_support/tagged_logging.rb:37:in `tagged'
activesupport (7.0.8) lib/active_support/tagged_logging.rb:99:in `tagged'
railties (7.0.8) lib/rails/rack/logger.rb:25:in `call'
sprockets-rails (3.4.2) lib/sprockets/rails/quiet_assets.rb:13:in `call'
actionpack (7.0.8) lib/action_dispatch/middleware/remote_ip.rb:93:in `call'
actionpack (7.0.8) lib/action_dispatch/middleware/request_id.rb:26:in `call'
rack (2.2.8) lib/rack/method_override.rb:24:in `call'
rack (2.2.8) lib/rack/runtime.rb:22:in `call'
activesupport (7.0.8) lib/active_support/cache/strategy/local_cache_middleware.rb:29:in `call'
actionpack (7.0.8) lib/action_dispatch/middleware/server_timing.rb:61:in `block in call'
actionpack (7.0.8) lib/action_dispatch/middleware/server_timing.rb:26:in `collect_events'
actionpack (7.0.8) lib/action_dispatch/middleware/server_timing.rb:60:in `call'
actionpack (7.0.8) lib/action_dispatch/middleware/executor.rb:14:in `call'
actionpack (7.0.8) lib/action_dispatch/middleware/static.rb:23:in `call'
rack (2.2.8) lib/rack/sendfile.rb:110:in `call'
actionpack (7.0.8) lib/action_dispatch/middleware/host_authorization.rb:138:in `call'
railties (7.0.8) lib/rails/engine.rb:530:in `call'
puma (5.6.7) lib/puma/configuration.rb:252:in `call'
puma (5.6.7) lib/puma/request.rb:77:in `block in handle_request'
puma (5.6.7) lib/puma/thread_pool.rb:340:in `with_force_shutdown'
puma (5.6.7) lib/puma/request.rb:76:in `handle_request'
puma (5.6.7) lib/puma/server.rb:443:in `process_client'
puma (5.6.7) lib/puma/thread_pool.rb:147:in `block in spawn_thread'
Started POST "/rails/actions" for ::1 at 2023-09-27 17:24:14 -0400
  [1m[36mActiveRecord::SchemaMigration Pluck (0.2ms)[0m  [1m[34mSELECT "schema_migrations"."version" FROM "schema_migrations" ORDER BY "schema_migrations"."version" ASC[0m
Migrating to CreateBooks (20230927212353)
  [1m[36mTRANSACTION (0.1ms)[0m  [1m[36mbegin transaction[0m
  [1m[35m (0.5ms)[0m  [1m[35mCREATE TABLE "books" ("id" integer PRIMARY KEY AUTOINCREMENT NOT NULL, "tile" varchar, "author" varchar, "pages_count" integer, "comments" text, "isbn" varchar, "created_at" datetime(6) NOT NULL, "updated_at" datetime(6) NOT NULL)[0m
  [1m[36mTRANSACTION (0.0ms)[0m  [1m[31mrollback transaction[0m
  
StandardError (An error has occurred, this and all later migrations canceled:

SQLite3::SQLException: table "books" already exists):
  
sqlite3-1.6.6-arm64 (darwin) lib/sqlite3/database.rb:150:in `initialize'
sqlite3-1.6.6-arm64 (darwin) lib/sqlite3/database.rb:150:in `new'
sqlite3-1.6.6-arm64 (darwin) lib/sqlite3/database.rb:150:in `prepare'
sqlite3-1.6.6-arm64 (darwin) lib/sqlite3/database.rb:194:in `execute'
activerecord (7.0.8) lib/active_record/connection_adapters/sqlite3/database_statements.rb:32:in `block (2 levels) in execute'
activesupport (7.0.8) lib/active_support/concurrency/share_lock.rb:187:in `yield_shares'
activesupport (7.0.8) lib/active_support/dependencies/interlock.rb:41:in `permit_concurrent_loads'
activerecord (7.0.8) lib/active_record/connection_adapters/sqlite3/database_statements.rb:31:in `block in execute'
activesupport (7.0.8) lib/active_support/concurrency/load_interlock_aware_monitor.rb:25:in `handle_interrupt'
activesupport (7.0.8) lib/active_support/concurrency/load_interlock_aware_monitor.rb:25:in `block in synchronize'
activesupport (7.0.8) lib/active_support/concurrency/load_interlock_aware_monitor.rb:21:in `handle_interrupt'
activesupport (7.0.8) lib/active_support/concurrency/load_interlock_aware_monitor.rb:21:in `synchronize'
activerecord (7.0.8) lib/active_record/connection_adapters/abstract_adapter.rb:752:in `block in log'
activesupport (7.0.8) lib/active_support/notifications/instrumenter.rb:24:in `instrument'
activerecord (7.0.8) lib/active_record/connection_adapters/abstract_adapter.rb:743:in `log'
activerecord (7.0.8) lib/active_record/connection_adapters/sqlite3/database_statements.rb:30:in `execute'
activerecord (7.0.8) lib/active_record/connection_adapters/abstract/schema_statements.rb:326:in `create_table'
activerecord (7.0.8) lib/active_record/migration.rb:965:in `block in method_missing'
activerecord (7.0.8) lib/active_record/migration.rb:935:in `block in say_with_time'
/Users/lmoreno/.rbenv/versions/3.2.2/lib/ruby/3.2.0/benchmark.rb:296:in `measure'
activerecord (7.0.8) lib/active_record/migration.rb:935:in `say_with_time'
activerecord (7.0.8) lib/active_record/migration.rb:954:in `method_missing'
activerecord (7.0.8) lib/active_record/migration.rb:556:in `create_table'
db/migrate/20230927212353_create_books.rb:3:in `change'
activerecord (7.0.8) lib/active_record/migration.rb:905:in `exec_migration'
activerecord (7.0.8) lib/active_record/migration.rb:889:in `block (2 levels) in migrate'
/Users/lmoreno/.rbenv/versions/3.2.2/lib/ruby/3.2.0/benchmark.rb:296:in `measure'
activerecord (7.0.8) lib/active_record/migration.rb:888:in `block in migrate'
activerecord (7.0.8) lib/active_record/connection_adapters/abstract/connection_pool.rb:215:in `with_connection'
activerecord (7.0.8) lib/active_record/migration.rb:887:in `migrate'
activerecord (7.0.8) lib/active_record/migration.rb:1095:in `migrate'
activerecord (7.0.8) lib/active_record/migration.rb:1409:in `block in execute_migration_in_transaction'
activerecord (7.0.8) lib/active_record/connection_adapters/abstract/transaction.rb:319:in `block in within_new_transaction'
activesupport (7.0.8) lib/active_support/concurrency/load_interlock_aware_monitor.rb:25:in `handle_interrupt'
activesupport (7.0.8) lib/active_support/concurrency/load_interlock_aware_monitor.rb:25:in `block in synchronize'
activesupport (7.0.8) lib/active_support/concurrency/load_interlock_aware_monitor.rb:21:in `handle_interrupt'
activesupport (7.0.8) lib/active_support/concurrency/load_interlock_aware_monitor.rb:21:in `synchronize'
activerecord (7.0.8) lib/active_record/connection_adapters/abstract/transaction.rb:317:in `within_new_transaction'
activerecord (7.0.8) lib/active_record/connection_adapters/abstract/database_statements.rb:316:in `transaction'
activerecord (7.0.8) lib/active_record/transactions.rb:209:in `transaction'
activerecord (7.0.8) lib/active_record/migration.rb:1460:in `ddl_transaction'
activerecord (7.0.8) lib/active_record/migration.rb:1408:in `execute_migration_in_transaction'
activerecord (7.0.8) lib/active_record/migration.rb:1382:in `each'
activerecord (7.0.8) lib/active_record/migration.rb:1382:in `migrate_without_lock'
activerecord (7.0.8) lib/active_record/migration.rb:1333:in `migrate'
activerecord (7.0.8) lib/active_record/migration.rb:1166:in `up'
activerecord (7.0.8) lib/active_record/migration.rb:1141:in `migrate'
activerecord (7.0.8) lib/active_record/tasks/database_tasks.rb:262:in `migrate'
activerecord (7.0.8) lib/active_record/migration.rb:137:in `block in <class:PendingMigrationError>'
activesupport (7.0.8) lib/active_support/actionable_error.rb:28:in `dispatch'
actionpack (7.0.8) lib/action_dispatch/middleware/actionable_exceptions.rb:19:in `call'
actionpack (7.0.8) lib/action_dispatch/middleware/debug_exceptions.rb:28:in `call'
web-console (4.2.1) lib/web_console/middleware.rb:132:in `call_app'
web-console (4.2.1) lib/web_console/middleware.rb:28:in `block in call'
web-console (4.2.1) lib/web_console/middleware.rb:17:in `catch'
web-console (4.2.1) lib/web_console/middleware.rb:17:in `call'
actionpack (7.0.8) lib/action_dispatch/middleware/show_exceptions.rb:29:in `call'
railties (7.0.8) lib/rails/rack/logger.rb:40:in `call_app'
railties (7.0.8) lib/rails/rack/logger.rb:25:in `block in call'
activesupport (7.0.8) lib/active_support/tagged_logging.rb:99:in `block in tagged'
activesupport (7.0.8) lib/active_support/tagged_logging.rb:37:in `tagged'
activesupport (7.0.8) lib/active_support/tagged_logging.rb:99:in `tagged'
railties (7.0.8) lib/rails/rack/logger.rb:25:in `call'
sprockets-rails (3.4.2) lib/sprockets/rails/quiet_assets.rb:13:in `call'
actionpack (7.0.8) lib/action_dispatch/middleware/remote_ip.rb:93:in `call'
actionpack (7.0.8) lib/action_dispatch/middleware/request_id.rb:26:in `call'
rack (2.2.8) lib/rack/method_override.rb:24:in `call'
rack (2.2.8) lib/rack/runtime.rb:22:in `call'
activesupport (7.0.8) lib/active_support/cache/strategy/local_cache_middleware.rb:29:in `call'
actionpack (7.0.8) lib/action_dispatch/middleware/server_timing.rb:61:in `block in call'
actionpack (7.0.8) lib/action_dispatch/middleware/server_timing.rb:26:in `collect_events'
actionpack (7.0.8) lib/action_dispatch/middleware/server_timing.rb:60:in `call'
actionpack (7.0.8) lib/action_dispatch/middleware/executor.rb:14:in `call'
actionpack (7.0.8) lib/action_dispatch/middleware/static.rb:23:in `call'
rack (2.2.8) lib/rack/sendfile.rb:110:in `call'
actionpack (7.0.8) lib/action_dispatch/middleware/host_authorization.rb:138:in `call'
railties (7.0.8) lib/rails/engine.rb:530:in `call'
puma (5.6.7) lib/puma/configuration.rb:252:in `call'
puma (5.6.7) lib/puma/request.rb:77:in `block in handle_request'
puma (5.6.7) lib/puma/thread_pool.rb:340:in `with_force_shutdown'
puma (5.6.7) lib/puma/request.rb:76:in `handle_request'
puma (5.6.7) lib/puma/server.rb:443:in `process_client'
puma (5.6.7) lib/puma/thread_pool.rb:147:in `block in spawn_thread'
Started POST "/rails/actions" for ::1 at 2023-09-27 17:24:17 -0400
  [1m[36mActiveRecord::SchemaMigration Pluck (0.1ms)[0m  [1m[34mSELECT "schema_migrations"."version" FROM "schema_migrations" ORDER BY "schema_migrations"."version" ASC[0m
Migrating to CreateBooks (20230927212353)
  [1m[36mTRANSACTION (0.1ms)[0m  [1m[36mbegin transaction[0m
  [1m[35m (0.4ms)[0m  [1m[35mCREATE TABLE "books" ("id" integer PRIMARY KEY AUTOINCREMENT NOT NULL, "tile" varchar, "author" varchar, "pages_count" integer, "comments" text, "isbn" varchar, "created_at" datetime(6) NOT NULL, "updated_at" datetime(6) NOT NULL)[0m
  [1m[36mTRANSACTION (0.0ms)[0m  [1m[31mrollback transaction[0m
  
StandardError (An error has occurred, this and all later migrations canceled:

SQLite3::SQLException: table "books" already exists):
  
sqlite3-1.6.6-arm64 (darwin) lib/sqlite3/database.rb:150:in `initialize'
sqlite3-1.6.6-arm64 (darwin) lib/sqlite3/database.rb:150:in `new'
sqlite3-1.6.6-arm64 (darwin) lib/sqlite3/database.rb:150:in `prepare'
sqlite3-1.6.6-arm64 (darwin) lib/sqlite3/database.rb:194:in `execute'
activerecord (7.0.8) lib/active_record/connection_adapters/sqlite3/database_statements.rb:32:in `block (2 levels) in execute'
activesupport (7.0.8) lib/active_support/concurrency/share_lock.rb:187:in `yield_shares'
activesupport (7.0.8) lib/active_support/dependencies/interlock.rb:41:in `permit_concurrent_loads'
activerecord (7.0.8) lib/active_record/connection_adapters/sqlite3/database_statements.rb:31:in `block in execute'
activesupport (7.0.8) lib/active_support/concurrency/load_interlock_aware_monitor.rb:25:in `handle_interrupt'
activesupport (7.0.8) lib/active_support/concurrency/load_interlock_aware_monitor.rb:25:in `block in synchronize'
activesupport (7.0.8) lib/active_support/concurrency/load_interlock_aware_monitor.rb:21:in `handle_interrupt'
activesupport (7.0.8) lib/active_support/concurrency/load_interlock_aware_monitor.rb:21:in `synchronize'
activerecord (7.0.8) lib/active_record/connection_adapters/abstract_adapter.rb:752:in `block in log'
activesupport (7.0.8) lib/active_support/notifications/instrumenter.rb:24:in `instrument'
activerecord (7.0.8) lib/active_record/connection_adapters/abstract_adapter.rb:743:in `log'
activerecord (7.0.8) lib/active_record/connection_adapters/sqlite3/database_statements.rb:30:in `execute'
activerecord (7.0.8) lib/active_record/connection_adapters/abstract/schema_statements.rb:326:in `create_table'
activerecord (7.0.8) lib/active_record/migration.rb:965:in `block in method_missing'
activerecord (7.0.8) lib/active_record/migration.rb:935:in `block in say_with_time'
/Users/lmoreno/.rbenv/versions/3.2.2/lib/ruby/3.2.0/benchmark.rb:296:in `measure'
activerecord (7.0.8) lib/active_record/migration.rb:935:in `say_with_time'
activerecord (7.0.8) lib/active_record/migration.rb:954:in `method_missing'
activerecord (7.0.8) lib/active_record/migration.rb:556:in `create_table'
db/migrate/20230927212353_create_books.rb:3:in `change'
activerecord (7.0.8) lib/active_record/migration.rb:905:in `exec_migration'
activerecord (7.0.8) lib/active_record/migration.rb:889:in `block (2 levels) in migrate'
/Users/lmoreno/.rbenv/versions/3.2.2/lib/ruby/3.2.0/benchmark.rb:296:in `measure'
activerecord (7.0.8) lib/active_record/migration.rb:888:in `block in migrate'
activerecord (7.0.8) lib/active_record/connection_adapters/abstract/connection_pool.rb:215:in `with_connection'
activerecord (7.0.8) lib/active_record/migration.rb:887:in `migrate'
activerecord (7.0.8) lib/active_record/migration.rb:1095:in `migrate'
activerecord (7.0.8) lib/active_record/migration.rb:1409:in `block in execute_migration_in_transaction'
activerecord (7.0.8) lib/active_record/connection_adapters/abstract/transaction.rb:319:in `block in within_new_transaction'
activesupport (7.0.8) lib/active_support/concurrency/load_interlock_aware_monitor.rb:25:in `handle_interrupt'
activesupport (7.0.8) lib/active_support/concurrency/load_interlock_aware_monitor.rb:25:in `block in synchronize'
activesupport (7.0.8) lib/active_support/concurrency/load_interlock_aware_monitor.rb:21:in `handle_interrupt'
activesupport (7.0.8) lib/active_support/concurrency/load_interlock_aware_monitor.rb:21:in `synchronize'
activerecord (7.0.8) lib/active_record/connection_adapters/abstract/transaction.rb:317:in `within_new_transaction'
activerecord (7.0.8) lib/active_record/connection_adapters/abstract/database_statements.rb:316:in `transaction'
activerecord (7.0.8) lib/active_record/transactions.rb:209:in `transaction'
activerecord (7.0.8) lib/active_record/migration.rb:1460:in `ddl_transaction'
activerecord (7.0.8) lib/active_record/migration.rb:1408:in `execute_migration_in_transaction'
activerecord (7.0.8) lib/active_record/migration.rb:1382:in `each'
activerecord (7.0.8) lib/active_record/migration.rb:1382:in `migrate_without_lock'
activerecord (7.0.8) lib/active_record/migration.rb:1333:in `migrate'
activerecord (7.0.8) lib/active_record/migration.rb:1166:in `up'
activerecord (7.0.8) lib/active_record/migration.rb:1141:in `migrate'
activerecord (7.0.8) lib/active_record/tasks/database_tasks.rb:262:in `migrate'
activerecord (7.0.8) lib/active_record/migration.rb:137:in `block in <class:PendingMigrationError>'
activesupport (7.0.8) lib/active_support/actionable_error.rb:28:in `dispatch'
actionpack (7.0.8) lib/action_dispatch/middleware/actionable_exceptions.rb:19:in `call'
actionpack (7.0.8) lib/action_dispatch/middleware/debug_exceptions.rb:28:in `call'
web-console (4.2.1) lib/web_console/middleware.rb:132:in `call_app'
web-console (4.2.1) lib/web_console/middleware.rb:28:in `block in call'
web-console (4.2.1) lib/web_console/middleware.rb:17:in `catch'
web-console (4.2.1) lib/web_console/middleware.rb:17:in `call'
actionpack (7.0.8) lib/action_dispatch/middleware/show_exceptions.rb:29:in `call'
railties (7.0.8) lib/rails/rack/logger.rb:40:in `call_app'
railties (7.0.8) lib/rails/rack/logger.rb:25:in `block in call'
activesupport (7.0.8) lib/active_support/tagged_logging.rb:99:in `block in tagged'
activesupport (7.0.8) lib/active_support/tagged_logging.rb:37:in `tagged'
activesupport (7.0.8) lib/active_support/tagged_logging.rb:99:in `tagged'
railties (7.0.8) lib/rails/rack/logger.rb:25:in `call'
sprockets-rails (3.4.2) lib/sprockets/rails/quiet_assets.rb:13:in `call'
actionpack (7.0.8) lib/action_dispatch/middleware/remote_ip.rb:93:in `call'
actionpack (7.0.8) lib/action_dispatch/middleware/request_id.rb:26:in `call'
rack (2.2.8) lib/rack/method_override.rb:24:in `call'
rack (2.2.8) lib/rack/runtime.rb:22:in `call'
activesupport (7.0.8) lib/active_support/cache/strategy/local_cache_middleware.rb:29:in `call'
actionpack (7.0.8) lib/action_dispatch/middleware/server_timing.rb:61:in `block in call'
actionpack (7.0.8) lib/action_dispatch/middleware/server_timing.rb:26:in `collect_events'
actionpack (7.0.8) lib/action_dispatch/middleware/server_timing.rb:60:in `call'
actionpack (7.0.8) lib/action_dispatch/middleware/executor.rb:14:in `call'
actionpack (7.0.8) lib/action_dispatch/middleware/static.rb:23:in `call'
rack (2.2.8) lib/rack/sendfile.rb:110:in `call'
actionpack (7.0.8) lib/action_dispatch/middleware/host_authorization.rb:138:in `call'
railties (7.0.8) lib/rails/engine.rb:530:in `call'
puma (5.6.7) lib/puma/configuration.rb:252:in `call'
puma (5.6.7) lib/puma/request.rb:77:in `block in handle_request'
puma (5.6.7) lib/puma/thread_pool.rb:340:in `with_force_shutdown'
puma (5.6.7) lib/puma/request.rb:76:in `handle_request'
puma (5.6.7) lib/puma/server.rb:443:in `process_client'
puma (5.6.7) lib/puma/thread_pool.rb:147:in `block in spawn_thread'
Started GET "/books" for ::1 at 2023-09-27 17:24:23 -0400
  [1m[36mActiveRecord::SchemaMigration Pluck (0.1ms)[0m  [1m[34mSELECT "schema_migrations"."version" FROM "schema_migrations" ORDER BY "schema_migrations"."version" ASC[0m
  [1m[36mCACHE ActiveRecord::SchemaMigration Pluck (0.0ms)[0m  [1m[34mSELECT "schema_migrations"."version" FROM "schema_migrations" ORDER BY "schema_migrations"."version" ASC[0m
  
ActiveRecord::PendingMigrationError (

Migrations are pending. To resolve this issue, run:

        bin/rails db:migrate RAILS_ENV=development

You have 1 pending migration:

20230927212353_create_books.rb


):
  
activerecord (7.0.8) lib/active_record/migration.rb:662:in `check_pending!'
activerecord (7.0.8) lib/active_record/migration.rb:627:in `block (2 levels) in call'
activesupport (7.0.8) lib/active_support/file_update_checker.rb:83:in `execute'
activerecord (7.0.8) lib/active_record/migration.rb:632:in `block in call'
activerecord (7.0.8) lib/active_record/migration.rb:624:in `synchronize'
activerecord (7.0.8) lib/active_record/migration.rb:624:in `call'
actionpack (7.0.8) lib/action_dispatch/middleware/callbacks.rb:27:in `block in call'
activesupport (7.0.8) lib/active_support/callbacks.rb:99:in `run_callbacks'
actionpack (7.0.8) lib/action_dispatch/middleware/callbacks.rb:26:in `call'
actionpack (7.0.8) lib/action_dispatch/middleware/executor.rb:14:in `call'
actionpack (7.0.8) lib/action_dispatch/middleware/actionable_exceptions.rb:17:in `call'
actionpack (7.0.8) lib/action_dispatch/middleware/debug_exceptions.rb:28:in `call'
web-console (4.2.1) lib/web_console/middleware.rb:132:in `call_app'
web-console (4.2.1) lib/web_console/middleware.rb:28:in `block in call'
web-console (4.2.1) lib/web_console/middleware.rb:17:in `catch'
web-console (4.2.1) lib/web_console/middleware.rb:17:in `call'
actionpack (7.0.8) lib/action_dispatch/middleware/show_exceptions.rb:29:in `call'
railties (7.0.8) lib/rails/rack/logger.rb:40:in `call_app'
railties (7.0.8) lib/rails/rack/logger.rb:25:in `block in call'
activesupport (7.0.8) lib/active_support/tagged_logging.rb:99:in `block in tagged'
activesupport (7.0.8) lib/active_support/tagged_logging.rb:37:in `tagged'
activesupport (7.0.8) lib/active_support/tagged_logging.rb:99:in `tagged'
railties (7.0.8) lib/rails/rack/logger.rb:25:in `call'
sprockets-rails (3.4.2) lib/sprockets/rails/quiet_assets.rb:13:in `call'
actionpack (7.0.8) lib/action_dispatch/middleware/remote_ip.rb:93:in `call'
actionpack (7.0.8) lib/action_dispatch/middleware/request_id.rb:26:in `call'
rack (2.2.8) lib/rack/method_override.rb:24:in `call'
rack (2.2.8) lib/rack/runtime.rb:22:in `call'
activesupport (7.0.8) lib/active_support/cache/strategy/local_cache_middleware.rb:29:in `call'
actionpack (7.0.8) lib/action_dispatch/middleware/server_timing.rb:61:in `block in call'
actionpack (7.0.8) lib/action_dispatch/middleware/server_timing.rb:26:in `collect_events'
actionpack (7.0.8) lib/action_dispatch/middleware/server_timing.rb:60:in `call'
actionpack (7.0.8) lib/action_dispatch/middleware/executor.rb:14:in `call'
actionpack (7.0.8) lib/action_dispatch/middleware/static.rb:23:in `call'
rack (2.2.8) lib/rack/sendfile.rb:110:in `call'
actionpack (7.0.8) lib/action_dispatch/middleware/host_authorization.rb:138:in `call'
railties (7.0.8) lib/rails/engine.rb:530:in `call'
puma (5.6.7) lib/puma/configuration.rb:252:in `call'
puma (5.6.7) lib/puma/request.rb:77:in `block in handle_request'
puma (5.6.7) lib/puma/thread_pool.rb:340:in `with_force_shutdown'
puma (5.6.7) lib/puma/request.rb:76:in `handle_request'
puma (5.6.7) lib/puma/server.rb:443:in `process_client'
puma (5.6.7) lib/puma/thread_pool.rb:147:in `block in spawn_thread'
  [1m[36mActiveRecord::SchemaMigration Pluck (0.0ms)[0m  [1m[34mSELECT "schema_migrations"."version" FROM "schema_migrations" ORDER BY "schema_migrations"."version" ASC[0m
Migrating to CreateBooks (20230927212353)
  [1m[36mTRANSACTION (0.0ms)[0m  [1m[36mbegin transaction[0m
  [1m[35m (0.1ms)[0m  [1m[35mCREATE TABLE "books" ("id" integer PRIMARY KEY AUTOINCREMENT NOT NULL, "tile" varchar, "author" varchar, "pages_count" integer, "comments" text, "isbn" varchar, "created_at" datetime(6) NOT NULL, "updated_at" datetime(6) NOT NULL)[0m
  [1m[36mTRANSACTION (0.0ms)[0m  [1m[31mrollback transaction[0m
  [1m[36mActiveRecord::SchemaMigration Pluck (0.0ms)[0m  [1m[34mSELECT "schema_migrations"."version" FROM "schema_migrations" ORDER BY "schema_migrations"."version" ASC[0m
Migrating to CreateBooks (20230927212353)
  [1m[36mTRANSACTION (0.0ms)[0m  [1m[36mbegin transaction[0m
  [1m[35m (0.2ms)[0m  [1m[35mCREATE TABLE "books" ("id" integer PRIMARY KEY AUTOINCREMENT NOT NULL, "tile" varchar, "author" varchar, "pages_count" integer, "comments" text, "isbn" varchar, "created_at" datetime(6) NOT NULL, "updated_at" datetime(6) NOT NULL)[0m
  [1m[36mActiveRecord::SchemaMigration Create (0.0ms)[0m  [1m[32mINSERT INTO "schema_migrations" ("version") VALUES (?)[0m  [["version", "20230927212353"]]
  [1m[36mTRANSACTION (0.6ms)[0m  [1m[36mcommit transaction[0m
  [1m[36mActiveRecord::InternalMetadata Load (0.0ms)[0m  [1m[34mSELECT "ar_internal_metadata".* FROM "ar_internal_metadata" WHERE "ar_internal_metadata"."key" = ? LIMIT ?[0m  [["key", "environment"], ["LIMIT", 1]]
  [1m[36mActiveRecord::SchemaMigration Pluck (0.0ms)[0m  [1m[34mSELECT "schema_migrations"."version" FROM "schema_migrations" ORDER BY "schema_migrations"."version" ASC[0m
Started GET "/books" for ::1 at 2023-09-27 17:29:17 -0400
  [1m[36mActiveRecord::SchemaMigration Pluck (0.1ms)[0m  [1m[34mSELECT "schema_migrations"."version" FROM "schema_migrations" ORDER BY "schema_migrations"."version" ASC[0m
Processing by BooksController#index as HTML
  Rendering layout layouts/application.html.erb
  Rendering books/index.html.erb within layouts/application
  [1m[36mBook Load (0.1ms)[0m  [1m[34mSELECT "books".* FROM "books"[0m
  ↳ app/views/books/index.html.erb:6
  Rendered books/index.html.erb within layouts/application (Duration: 1.3ms | Allocations: 1210)
  Rendered layout layouts/application.html.erb (Duration: 8.1ms | Allocations: 14278)
Completed 200 OK in 11ms (Views: 9.2ms | ActiveRecord: 0.1ms | Allocations: 15773)


Started GET "/books/new" for ::1 at 2023-09-27 17:29:19 -0400
Processing by BooksController#new as HTML
  Rendering layout layouts/application.html.erb
  Rendering books/new.html.erb within layouts/application
  Rendered books/_form.html.erb (Duration: 3.7ms | Allocations: 2355)
  Rendered books/new.html.erb within layouts/application (Duration: 5.1ms | Allocations: 2647)
  Rendered layout layouts/application.html.erb (Duration: 8.4ms | Allocations: 4752)
Completed 200 OK in 19ms (Views: 9.1ms | ActiveRecord: 0.8ms | Allocations: 8382)


Started POST "/books" for ::1 at 2023-09-27 17:29:30 -0400
Processing by BooksController#create as TURBO_STREAM
  Parameters: {"authenticity_token"=>"[FILTERED]", "book"=>{"tile"=>"test", "author"=>"test", "pages_count"=>"98", "comments"=>"ddpopodp", "isbn"=>"9898"}, "commit"=>"Create Book"}
  [1m[36mTRANSACTION (0.1ms)[0m  [1m[36mbegin transaction[0m
  ↳ app/controllers/books_controller.rb:27:in `block in create'
  [1m[36mBook Create (0.9ms)[0m  [1m[32mINSERT INTO "books" ("tile", "author", "pages_count", "comments", "isbn", "created_at", "updated_at") VALUES (?, ?, ?, ?, ?, ?, ?)[0m  [["tile", "test"], ["author", "test"], ["pages_count", 98], ["comments", "ddpopodp"], ["isbn", "9898"], ["created_at", "2023-09-27 21:29:30.773229"], ["updated_at", "2023-09-27 21:29:30.773229"]]
  ↳ app/controllers/books_controller.rb:27:in `block in create'
  [1m[36mTRANSACTION (1.4ms)[0m  [1m[36mcommit transaction[0m
  ↳ app/controllers/books_controller.rb:27:in `block in create'
Redirected to http://localhost:3000/books/1
Completed 302 Found in 12ms (ActiveRecord: 2.4ms | Allocations: 2601)


Started GET "/books/1" for ::1 at 2023-09-27 17:29:30 -0400
Processing by BooksController#show as TURBO_STREAM
  Parameters: {"id"=>"1"}
  [1m[36mBook Load (0.2ms)[0m  [1m[34mSELECT "books".* FROM "books" WHERE "books"."id" = ? LIMIT ?[0m  [["id", 1], ["LIMIT", 1]]
  ↳ app/controllers/books_controller.rb:63:in `set_book'
  Rendering layout layouts/application.html.erb
  Rendering books/show.html.erb within layouts/application
  Rendered books/_book.html.erb (Duration: 0.5ms | Allocations: 254)
  Rendered books/show.html.erb within layouts/application (Duration: 2.4ms | Allocations: 1340)
  Rendered layout layouts/application.html.erb (Duration: 4.9ms | Allocations: 3453)
Completed 200 OK in 8ms (Views: 5.2ms | ActiveRecord: 0.2ms | Allocations: 4958)


Started GET "/books" for ::1 at 2023-09-27 17:29:33 -0400
Processing by BooksController#index as HTML
  Rendering layout layouts/application.html.erb
  Rendering books/index.html.erb within layouts/application
  [1m[36mBook Load (0.2ms)[0m  [1m[34mSELECT "books".* FROM "books"[0m
  ↳ app/views/books/index.html.erb:6
  Rendered books/_book.html.erb (Duration: 0.2ms | Allocations: 25)
  Rendered books/index.html.erb within layouts/application (Duration: 3.0ms | Allocations: 1047)
  Rendered layout layouts/application.html.erb (Duration: 7.6ms | Allocations: 3152)
Completed 200 OK in 9ms (Views: 8.1ms | ActiveRecord: 0.2ms | Allocations: 3424)


Started GET "/books/1" for ::1 at 2023-09-27 17:29:39 -0400
Processing by BooksController#show as HTML
  Parameters: {"id"=>"1"}
  [1m[36mBook Load (0.1ms)[0m  [1m[34mSELECT "books".* FROM "books" WHERE "books"."id" = ? LIMIT ?[0m  [["id", 1], ["LIMIT", 1]]
  ↳ app/controllers/books_controller.rb:63:in `set_book'
  Rendering layout layouts/application.html.erb
  Rendering books/show.html.erb within layouts/application
  Rendered books/_book.html.erb (Duration: 0.1ms | Allocations: 25)
  Rendered books/show.html.erb within layouts/application (Duration: 1.9ms | Allocations: 670)
  Rendered layout layouts/application.html.erb (Duration: 5.5ms | Allocations: 2767)
Completed 200 OK in 8ms (Views: 6.2ms | ActiveRecord: 0.1ms | Allocations: 3519)


Started GET "/books" for ::1 at 2023-09-27 17:29:42 -0400
Processing by BooksController#index as HTML
  Rendering layout layouts/application.html.erb
  Rendering books/index.html.erb within layouts/application
  [1m[36mBook Load (0.3ms)[0m  [1m[34mSELECT "books".* FROM "books"[0m
  ↳ app/views/books/index.html.erb:6
  Rendered books/_book.html.erb (Duration: 0.2ms | Allocations: 25)
  Rendered books/index.html.erb within layouts/application (Duration: 4.1ms | Allocations: 1055)
  Rendered layout layouts/application.html.erb (Duration: 10.5ms | Allocations: 3160)
Completed 200 OK in 13ms (Views: 11.1ms | ActiveRecord: 0.3ms | Allocations: 3431)


Started GET "/books" for ::1 at 2023-09-27 17:29:54 -0400
Processing by BooksController#index as HTML
  Rendering layout layouts/application.html.erb
  Rendering books/index.html.erb within layouts/application
  [1m[36mBook Load (0.1ms)[0m  [1m[34mSELECT "books".* FROM "books"[0m
  ↳ app/views/books/index.html.erb:6
  Rendered books/_book.html.erb (Duration: 0.1ms | Allocations: 25)
  Rendered books/index.html.erb within layouts/application (Duration: 2.0ms | Allocations: 1022)
  Rendered layout layouts/application.html.erb (Duration: 4.5ms | Allocations: 3127)
Completed 200 OK in 6ms (Views: 4.9ms | ActiveRecord: 0.1ms | Allocations: 3396)


Started GET "/books/new" for ::1 at 2023-09-27 17:30:15 -0400
Processing by BooksController#new as HTML
  Rendering layout layouts/application.html.erb
  Rendering books/new.html.erb within layouts/application
  Rendered books/_form.html.erb (Duration: 1.0ms | Allocations: 1722)
  Rendered books/new.html.erb within layouts/application (Duration: 1.1ms | Allocations: 1811)
  Rendered layout layouts/application.html.erb (Duration: 3.0ms | Allocations: 3932)
Completed 200 OK in 4ms (Views: 3.3ms | ActiveRecord: 0.0ms | Allocations: 4209)


Started POST "/books" for ::1 at 2023-09-27 17:30:30 -0400
Processing by BooksController#create as TURBO_STREAM
  Parameters: {"authenticity_token"=>"[FILTERED]", "book"=>{"tile"=>"El coronel no tiene quien le escriba", "author"=>"Gabriel garcia marquez", "pages_count"=>"42", "comments"=>"El mejor", "isbn"=>"sd2323"}, "commit"=>"Create Book"}
  [1m[36mTRANSACTION (0.1ms)[0m  [1m[36mbegin transaction[0m
  ↳ app/controllers/books_controller.rb:27:in `block in create'
  [1m[36mBook Create (0.5ms)[0m  [1m[32mINSERT INTO "books" ("tile", "author", "pages_count", "comments", "isbn", "created_at", "updated_at") VALUES (?, ?, ?, ?, ?, ?, ?)[0m  [["tile", "El coronel no tiene quien le escriba"], ["author", "Gabriel garcia marquez"], ["pages_count", 42], ["comments", "El mejor"], ["isbn", "sd2323"], ["created_at", "2023-09-27 21:30:30.676761"], ["updated_at", "2023-09-27 21:30:30.676761"]]
  ↳ app/controllers/books_controller.rb:27:in `block in create'
  [1m[36mTRANSACTION (0.6ms)[0m  [1m[36mcommit transaction[0m
  ↳ app/controllers/books_controller.rb:27:in `block in create'
Redirected to http://localhost:3000/books/2
Completed 302 Found in 5ms (ActiveRecord: 1.2ms | Allocations: 2464)


Started GET "/books/2" for ::1 at 2023-09-27 17:30:30 -0400
Processing by BooksController#show as TURBO_STREAM
  Parameters: {"id"=>"2"}
  [1m[36mBook Load (0.1ms)[0m  [1m[34mSELECT "books".* FROM "books" WHERE "books"."id" = ? LIMIT ?[0m  [["id", 2], ["LIMIT", 1]]
  ↳ app/controllers/books_controller.rb:63:in `set_book'
  Rendering layout layouts/application.html.erb
  Rendering books/show.html.erb within layouts/application
  Rendered books/_book.html.erb (Duration: 0.1ms | Allocations: 27)
  Rendered books/show.html.erb within layouts/application (Duration: 1.1ms | Allocations: 702)
  Rendered layout layouts/application.html.erb (Duration: 4.1ms | Allocations: 2812)
Completed 200 OK in 6ms (Views: 4.5ms | ActiveRecord: 0.1ms | Allocations: 3567)


Started GET "/books" for ::1 at 2023-09-27 17:30:33 -0400
Processing by BooksController#index as HTML
  Rendering layout layouts/application.html.erb
  Rendering books/index.html.erb within layouts/application
  [1m[36mBook Load (0.4ms)[0m  [1m[34mSELECT "books".* FROM "books"[0m
  ↳ app/views/books/index.html.erb:6
  Rendered books/_book.html.erb (Duration: 0.2ms | Allocations: 25)
  Rendered books/_book.html.erb (Duration: 0.0ms | Allocations: 26)
  Rendered books/index.html.erb within layouts/application (Duration: 4.6ms | Allocations: 1184)
  Rendered layout layouts/application.html.erb (Duration: 9.7ms | Allocations: 3289)
Completed 200 OK in 12ms (Views: 10.2ms | ActiveRecord: 0.4ms | Allocations: 3560)


Started GET "/books" for ::1 at 2023-09-27 17:30:46 -0400
Processing by BooksController#index as HTML
  Rendering layout layouts/application.html.erb
  Rendering books/index.html.erb within layouts/application
  [1m[36mBook Load (0.2ms)[0m  [1m[34mSELECT "books".* FROM "books"[0m
  ↳ app/views/books/index.html.erb:6
  Rendered books/_book.html.erb (Duration: 0.1ms | Allocations: 25)
  Rendered books/_book.html.erb (Duration: 0.1ms | Allocations: 26)
  Rendered books/index.html.erb within layouts/application (Duration: 4.0ms | Allocations: 1175)
  Rendered layout layouts/application.html.erb (Duration: 8.8ms | Allocations: 3280)
Completed 200 OK in 11ms (Views: 9.4ms | ActiveRecord: 0.2ms | Allocations: 3549)


Started GET "/books/1" for ::1 at 2023-09-27 17:30:56 -0400
Processing by BooksController#show as HTML
  Parameters: {"id"=>"1"}
  [1m[36mBook Load (0.2ms)[0m  [1m[34mSELECT "books".* FROM "books" WHERE "books"."id" = ? LIMIT ?[0m  [["id", 1], ["LIMIT", 1]]
  ↳ app/controllers/books_controller.rb:63:in `set_book'
  Rendering layout layouts/application.html.erb
  Rendering books/show.html.erb within layouts/application
  Rendered books/_book.html.erb (Duration: 0.1ms | Allocations: 25)
  Rendered books/show.html.erb within layouts/application (Duration: 1.2ms | Allocations: 703)
  Rendered layout layouts/application.html.erb (Duration: 3.8ms | Allocations: 2800)
Completed 200 OK in 7ms (Views: 4.3ms | ActiveRecord: 0.2ms | Allocations: 3553)


Started GET "/books" for ::1 at 2023-09-27 17:32:01 -0400
Processing by BooksController#index as HTML
  Rendering layout layouts/application.html.erb
  Rendering books/index.html.erb within layouts/application
  [1m[36mBook Load (0.2ms)[0m  [1m[34mSELECT "books".* FROM "books"[0m
  ↳ app/views/books/index.html.erb:6
  Rendered books/_book.html.erb (Duration: 0.1ms | Allocations: 25)
  Rendered books/_book.html.erb (Duration: 0.0ms | Allocations: 26)
  Rendered books/index.html.erb within layouts/application (Duration: 2.1ms | Allocations: 1214)
  Rendered layout layouts/application.html.erb (Duration: 5.3ms | Allocations: 3319)
Completed 200 OK in 6ms (Views: 5.6ms | ActiveRecord: 0.2ms | Allocations: 3590)


Started GET "/books/1" for ::1 at 2023-09-27 17:36:32 -0400
Processing by BooksController#show as HTML
  Parameters: {"id"=>"1"}
  [1m[36mBook Load (0.0ms)[0m  [1m[34mSELECT "books".* FROM "books" WHERE "books"."id" = ? LIMIT ?[0m  [["id", 1], ["LIMIT", 1]]
  ↳ app/controllers/books_controller.rb:64:in `set_book'
Completed 500 Internal Server Error in 4ms (ActiveRecord: 0.3ms | Allocations: 4427)


  
NoMethodError (undefined method `methode' for #<ActionDispatch::Request GET "http://localhost:3000/books/1" for ::1>):
  
app/controllers/books_controller.rb:11:in `show'
Started GET "/books/" for ::1 at 2023-09-27 17:36:43 -0400
Processing by BooksController#index as HTML
  Rendering layout layouts/application.html.erb
  Rendering books/index.html.erb within layouts/application
  [1m[36mBook Load (0.0ms)[0m  [1m[34mSELECT "books".* FROM "books"[0m
  ↳ app/views/books/index.html.erb:6
  Rendered books/_book.html.erb (Duration: 0.1ms | Allocations: 48)
  Rendered books/_book.html.erb (Duration: 0.0ms | Allocations: 26)
  Rendered books/index.html.erb within layouts/application (Duration: 2.6ms | Allocations: 3691)
  Rendered layout layouts/application.html.erb (Duration: 6.7ms | Allocations: 16558)
Completed 200 OK in 8ms (Views: 6.7ms | ActiveRecord: 0.3ms | Allocations: 17673)


Started GET "/books/1" for ::1 at 2023-09-27 17:36:46 -0400
Processing by BooksController#show as HTML
  Parameters: {"id"=>"1"}
  [1m[36mBook Load (0.4ms)[0m  [1m[34mSELECT "books".* FROM "books" WHERE "books"."id" = ? LIMIT ?[0m  [["id", 1], ["LIMIT", 1]]
  ↳ app/controllers/books_controller.rb:64:in `set_book'
  Rendering layout layouts/application.html.erb
  Rendering books/show.html.erb within layouts/application
  Rendered books/_book.html.erb (Duration: 0.1ms | Allocations: 25)
  Rendered books/show.html.erb within layouts/application (Duration: 2.0ms | Allocations: 708)
  Rendered layout layouts/application.html.erb (Duration: 5.9ms | Allocations: 2805)
Completed 200 OK in 11ms (Views: 6.7ms | ActiveRecord: 0.4ms | Allocations: 4180)


Started GET "/books/new" for ::1 at 2023-09-27 17:37:47 -0400
Processing by BooksController#new as HTML
  Rendering layout layouts/application.html.erb
  Rendering books/new.html.erb within layouts/application
  Rendered books/_form.html.erb (Duration: 3.2ms | Allocations: 1799)
  Rendered books/new.html.erb within layouts/application (Duration: 3.6ms | Allocations: 1890)
  Rendered layout layouts/application.html.erb (Duration: 7.3ms | Allocations: 3995)
Completed 200 OK in 9ms (Views: 8.1ms | ActiveRecord: 0.0ms | Allocations: 4278)


Started GET "/books/new" for ::1 at 2023-09-27 17:38:31 -0400
Processing by BooksController#new as HTML
Completed 500 Internal Server Error in 2ms (ActiveRecord: 0.3ms | Allocations: 3262)


  
NameError (undefined local variable or method `book' for #<BooksController:0x0000000003b4c0>):
  
app/controllers/books_controller.rb:17:in `new'
Started GET "/books/new" for ::1 at 2023-09-27 17:38:40 -0400
Processing by BooksController#new as HTML
  Rendering layout layouts/application.html.erb
  Rendering books/new.html.erb within layouts/application
  Rendered books/_form.html.erb (Duration: 0.8ms | Allocations: 1877)
  Rendered books/new.html.erb within layouts/application (Duration: 1.0ms | Allocations: 1981)
  Rendered layout layouts/application.html.erb (Duration: 4.9ms | Allocations: 14834)
Completed 200 OK in 8ms (Views: 5.3ms | ActiveRecord: 0.3ms | Allocations: 18218)


Started GET "/books/new" for ::1 at 2023-09-27 17:39:01 -0400
Processing by BooksController#new as HTML
  Rendering layout layouts/application.html.erb
  Rendering books/new.html.erb within layouts/application
  Rendered books/_form.html.erb (Duration: 1.0ms | Allocations: 1876)
  Rendered books/new.html.erb within layouts/application (Duration: 1.1ms | Allocations: 1980)
  Rendered layout layouts/application.html.erb (Duration: 5.2ms | Allocations: 14682)
Completed 200 OK in 8ms (Views: 5.6ms | ActiveRecord: 0.3ms | Allocations: 18038)


Started GET "/books/new" for ::1 at 2023-09-27 17:39:23 -0400
Processing by BooksController#new as HTML
  Rendering layout layouts/application.html.erb
  Rendering books/new.html.erb within layouts/application
  Rendered books/_form.html.erb (Duration: 0.2ms | Allocations: 1073)
  Rendered books/new.html.erb within layouts/application (Duration: 0.4ms | Allocations: 1144)
  Rendered layout layouts/application.html.erb (Duration: 0.4ms | Allocations: 1232)
Completed 500 Internal Server Error in 1ms (ActiveRecord: 0.0ms | Allocations: 1779)


  
ActionView::Template::Error (undefined method `errors' for nil:NilClass):
    1: <%= form_with(model: book) do |form| %>
    2:   <% if book.errors.any? %>
    3:     <div style="color: red">
    4:       <h2><%= pluralize(book.errors.count, "error") %> prohibited this book from being saved:</h2>
    5: 
  
app/views/books/_form.html.erb:2
app/views/books/_form.html.erb:1
app/views/books/new.html.erb:3
Started GET "/books/" for ::1 at 2023-09-27 17:39:37 -0400
Processing by BooksController#index as HTML
  Rendering layout layouts/application.html.erb
  Rendering books/index.html.erb within layouts/application
  [1m[36mBook Load (0.1ms)[0m  [1m[34mSELECT "books".* FROM "books"[0m
  ↳ app/views/books/index.html.erb:6
  Rendered books/_book.html.erb (Duration: 0.2ms | Allocations: 48)
  Rendered books/_book.html.erb (Duration: 0.1ms | Allocations: 26)
  Rendered books/index.html.erb within layouts/application (Duration: 9.9ms | Allocations: 3693)
  Rendered layout layouts/application.html.erb (Duration: 19.9ms | Allocations: 16560)
Completed 200 OK in 24ms (Views: 19.6ms | ActiveRecord: 1.2ms | Allocations: 17370)


Started GET "/books/new" for ::1 at 2023-09-27 17:39:39 -0400
Processing by BooksController#new as HTML
  Rendering layout layouts/application.html.erb
  Rendering books/new.html.erb within layouts/application
  Rendered books/_form.html.erb (Duration: 1.1ms | Allocations: 1106)
  Rendered books/new.html.erb within layouts/application (Duration: 1.4ms | Allocations: 1170)
  Rendered layout layouts/application.html.erb (Duration: 1.6ms | Allocations: 1257)
Completed 500 Internal Server Error in 3ms (ActiveRecord: 0.0ms | Allocations: 1490)


  
ActionView::Template::Error (undefined method `errors' for nil:NilClass):
    1: <%= form_with(model: book) do |form| %>
    2:   <% if book.errors.any? %>
    3:     <div style="color: red">
    4:       <h2><%= pluralize(book.errors.count, "error") %> prohibited this book from being saved:</h2>
    5: 
  
app/views/books/_form.html.erb:2
app/views/books/_form.html.erb:1
app/views/books/new.html.erb:3
Started GET "/books/new" for ::1 at 2023-09-27 17:42:01 -0400
Processing by BooksController#new as HTML
  Rendering layout layouts/application.html.erb
  Rendering books/new.html.erb within layouts/application
  Rendered books/_form.html.erb (Duration: 1.1ms | Allocations: 2317)
  Rendered books/new.html.erb within layouts/application (Duration: 1.7ms | Allocations: 2622)
  Rendered layout layouts/application.html.erb (Duration: 5.6ms | Allocations: 15674)
Completed 200 OK in 9ms (Views: 6.4ms | ActiveRecord: 0.3ms | Allocations: 19458)


Started GET "/books" for ::1 at 2023-09-27 17:42:22 -0400
Processing by BooksController#index as HTML
  Rendering layout layouts/application.html.erb
  Rendering books/index.html.erb within layouts/application
  [1m[36mBook Load (0.0ms)[0m  [1m[34mSELECT "books".* FROM "books"[0m
  ↳ app/views/books/index.html.erb:6
  Rendered books/_book.html.erb (Duration: 0.2ms | Allocations: 265)
  Rendered books/_book.html.erb (Duration: 0.0ms | Allocations: 26)
  Rendered books/index.html.erb within layouts/application (Duration: 2.6ms | Allocations: 4156)
  Rendered layout layouts/application.html.erb (Duration: 6.4ms | Allocations: 17024)
Completed 200 OK in 8ms (Views: 6.5ms | ActiveRecord: 0.3ms | Allocations: 18223)


Started GET "/books/new" for ::1 at 2023-09-27 17:42:24 -0400
Processing by BooksController#new as HTML
  Rendering layout layouts/application.html.erb
  Rendering books/new.html.erb within layouts/application
  Rendered books/_form.html.erb (Duration: 0.5ms | Allocations: 1118)
  Rendered books/new.html.erb within layouts/application (Duration: 0.6ms | Allocations: 1184)
  Rendered layout layouts/application.html.erb (Duration: 0.7ms | Allocations: 1271)
Completed 500 Internal Server Error in 2ms (ActiveRecord: 0.0ms | Allocations: 1511)


  
ActionView::Template::Error (undefined method `any?' for nil:NilClass):
    1: <%= form_with(model: book) do |form| %>
    2:   <% if book&.errors.any? %>
    3:     <div style="color: red">
    4:       <h2><%= pluralize(book.errors.count, "error") %> prohibited this book from being saved:</h2>
    5: 
  
app/views/books/_form.html.erb:2
app/views/books/_form.html.erb:1
app/views/books/new.html.erb:3
Started GET "/books/new" for ::1 at 2023-09-27 17:44:58 -0400
Processing by BooksController#new as HTML
  Rendering layout layouts/application.html.erb
  Rendering books/new.html.erb within layouts/application
  Rendered books/_form.html.erb (Duration: 0.8ms | Allocations: 1874)
  Rendered books/new.html.erb within layouts/application (Duration: 0.9ms | Allocations: 1978)
  Rendered layout layouts/application.html.erb (Duration: 4.9ms | Allocations: 14831)
Completed 200 OK in 7ms (Views: 5.2ms | ActiveRecord: 0.3ms | Allocations: 18210)


Started GET "/" for ::1 at 2023-12-15 13:23:26 -0500
  [1m[36mActiveRecord::SchemaMigration Pluck (0.1ms)[0m  [1m[34mSELECT "schema_migrations"."version" FROM "schema_migrations" ORDER BY "schema_migrations"."version" ASC[0m
Processing by Rails::WelcomeController#index as HTML
  Rendering /Users/lmoreno/.rbenv/versions/3.2.2/lib/ruby/gems/3.2.0/gems/railties-7.0.8/lib/rails/templates/rails/welcome/index.html.erb
  Rendered /Users/lmoreno/.rbenv/versions/3.2.2/lib/ruby/gems/3.2.0/gems/railties-7.0.8/lib/rails/templates/rails/welcome/index.html.erb (Duration: 0.7ms | Allocations: 489)
Completed 200 OK in 6ms (Views: 1.7ms | ActiveRecord: 0.0ms | Allocations: 4231)


Started GET "/" for ::1 at 2023-12-15 13:23:35 -0500
Processing by Rails::WelcomeController#index as HTML
  Rendering /Users/lmoreno/.rbenv/versions/3.2.2/lib/ruby/gems/3.2.0/gems/railties-7.0.8/lib/rails/templates/rails/welcome/index.html.erb
  Rendered /Users/lmoreno/.rbenv/versions/3.2.2/lib/ruby/gems/3.2.0/gems/railties-7.0.8/lib/rails/templates/rails/welcome/index.html.erb (Duration: 0.9ms | Allocations: 272)
Completed 200 OK in 4ms (Views: 3.2ms | ActiveRecord: 0.0ms | Allocations: 906)


Started GET "/hola" for ::1 at 2023-12-15 13:24:26 -0500
Processing by TestController#hola as HTML
  Rendering layout layouts/application.html.erb
  Rendering test/hola.html.erb within layouts/application
  [1m[36mPet Load (0.4ms)[0m  [1m[34mSELECT "pets".* FROM "pets"[0m
  ↳ app/views/test/hola.html.erb:3
  Rendered test/hola.html.erb within layouts/application (Duration: 7.9ms | Allocations: 5164)
  Rendered layout layouts/application.html.erb (Duration: 64.6ms | Allocations: 38999)
Completed 200 OK in 70ms (Views: 66.0ms | ActiveRecord: 0.7ms | Allocations: 40536)


Started GET "/hola" for ::1 at 2023-12-15 13:26:27 -0500
Processing by TestController#hola as HTML
  Rendering layout layouts/application.html.erb
  Rendering test/hola.html.erb within layouts/application
  [1m[36mPet Load (0.2ms)[0m  [1m[34mSELECT "pets".* FROM "pets"[0m
  ↳ app/views/test/hola.html.erb:3
  Rendered test/hola.html.erb within layouts/application (Duration: 1.8ms | Allocations: 2340)
  Rendered layout layouts/application.html.erb (Duration: 8.8ms | Allocations: 15541)
Completed 200 OK in 10ms (Views: 8.7ms | ActiveRecord: 0.5ms | Allocations: 16621)


Started GET "/books" for ::1 at 2023-12-15 13:27:16 -0500
Processing by BooksController#index as HTML
  Rendering layout layouts/application.html.erb
  Rendering books/index.html.erb within layouts/application
  [1m[36mBook Load (0.2ms)[0m  [1m[34mSELECT "books".* FROM "books"[0m
  ↳ app/views/books/index.html.erb:6
  Rendered books/_book.html.erb (Duration: 0.8ms | Allocations: 291)
  Rendered books/_book.html.erb (Duration: 0.1ms | Allocations: 26)
  Rendered books/index.html.erb within layouts/application (Duration: 6.5ms | Allocations: 6177)
  Rendered layout layouts/application.html.erb (Duration: 8.9ms | Allocations: 8371)
Completed 200 OK in 13ms (Views: 9.8ms | ActiveRecord: 0.5ms | Allocations: 9436)


Started GET "/books" for ::1 at 2023-12-15 13:27:25 -0500
Processing by BooksController#index as HTML
  Rendering layout layouts/application.html.erb
  Rendering books/index.html.erb within layouts/application
  [1m[36mBook Load (0.3ms)[0m  [1m[34mSELECT "books".* FROM "books"[0m
  ↳ app/views/books/index.html.erb:6
  Rendered books/_book.html.erb (Duration: 0.1ms | Allocations: 25)
  Rendered books/_book.html.erb (Duration: 0.0ms | Allocations: 26)
  Rendered books/index.html.erb within layouts/application (Duration: 3.4ms | Allocations: 1177)
  Rendered layout layouts/application.html.erb (Duration: 9.0ms | Allocations: 3299)
Completed 200 OK in 11ms (Views: 9.6ms | ActiveRecord: 0.3ms | Allocations: 3576)


Started GET "/hola" for 127.0.0.1 at 2023-12-15 13:29:34 -0500
Processing by TestController#hola as */*
  Rendering layout layouts/application.html.erb
  Rendering test/hola.html.erb within layouts/application
  [1m[36mPet Load (0.2ms)[0m  [1m[34mSELECT "pets".* FROM "pets"[0m
  ↳ app/views/test/hola.html.erb:3
  Rendered test/hola.html.erb within layouts/application (Duration: 1.8ms | Allocations: 588)
  Rendered layout layouts/application.html.erb (Duration: 7.2ms | Allocations: 2766)
Completed 200 OK in 10ms (Views: 7.9ms | ActiveRecord: 0.2ms | Allocations: 3130)


Started GET "/books" for 127.0.0.1 at 2023-12-15 13:29:42 -0500
Processing by BooksController#index as */*
  Rendering layout layouts/application.html.erb
  Rendering books/index.html.erb within layouts/application
  [1m[36mBook Load (0.3ms)[0m  [1m[34mSELECT "books".* FROM "books"[0m
  ↳ app/views/books/index.html.erb:6
  Rendered books/_book.html.erb (Duration: 0.1ms | Allocations: 25)
  Rendered books/_book.html.erb (Duration: 0.1ms | Allocations: 26)
  Rendered books/index.html.erb within layouts/application (Duration: 3.6ms | Allocations: 981)
  Rendered layout layouts/application.html.erb (Duration: 9.6ms | Allocations: 3097)
Completed 200 OK in 11ms (Views: 10.1ms | ActiveRecord: 0.3ms | Allocations: 3402)


