  [1m[35m (0.9ms)[0m  [1m[35mCREATE TABLE "schema_migrations" ("version" varchar NOT NULL PRIMARY KEY)[0m
  [1m[35m (0.4ms)[0m  [1m[35mCREATE TABLE "ar_internal_metadata" ("key" varchar NOT NULL PRIMARY KEY, "value" varchar, "created_at" datetime(6) NOT NULL, "updated_at" datetime(6) NOT NULL)[0m
  [1m[36mActiveRecord::SchemaMigration Pluck (0.0ms)[0m  [1m[34mSELECT "schema_migrations"."version" FROM "schema_migrations" ORDER BY "schema_migrations"."version" ASC[0m
Migrating to CreateGasRecords (20240203024248)
  [1m[36mTRANSACTION (0.0ms)[0m  [1m[36mbegin transaction[0m
  [1m[35m (0.2ms)[0m  [1m[35mCREATE TABLE "gas_records" ("id" integer PRIMARY KEY AUTOINCREMENT NOT NULL, "quantity" float, "price" float, "date" date, "km_inicial" float, "km_final" float, "created_at" datetime(6) NOT NULL, "updated_at" datetime(6) NOT NULL)[0m
  [1m[36mActiveRecord::SchemaMigration Create (0.1ms)[0m  [1m[32mINSERT INTO "schema_migrations" ("version") VALUES (?)[0m  [["version", "20240203024248"]]
  [1m[36mTRANSACTION (0.4ms)[0m  [1m[36mcommit transaction[0m
  [1m[36mActiveRecord::InternalMetadata Load (4.3ms)[0m  [1m[34mSELECT "ar_internal_metadata".* FROM "ar_internal_metadata" WHERE "ar_internal_metadata"."key" = ? LIMIT ?[0m  [["key", "environment"], ["LIMIT", 1]]
  [1m[36mTRANSACTION (0.0ms)[0m  [1m[36mbegin transaction[0m
  [1m[36mActiveRecord::InternalMetadata Create (0.2ms)[0m  [1m[32mINSERT INTO "ar_internal_metadata" ("key", "value", "created_at", "updated_at") VALUES (?, ?, ?, ?)[0m  [["key", "environment"], ["value", "development"], ["created_at", "2024-02-03 02:44:01.843137"], ["updated_at", "2024-02-03 02:44:01.843137"]]
  [1m[36mTRANSACTION (0.2ms)[0m  [1m[36mcommit transaction[0m
  [1m[36mActiveRecord::SchemaMigration Pluck (0.0ms)[0m  [1m[34mSELECT "schema_migrations"."version" FROM "schema_migrations" ORDER BY "schema_migrations"."version" ASC[0m
  [1m[36mGasRecord Load (0.2ms)[0m  [1m[34mSELECT "gas_records".* FROM "gas_records"[0m
  [1m[36mTRANSACTION (0.1ms)[0m  [1m[36mbegin transaction[0m
  [1m[36mGasRecord Create (1.1ms)[0m  [1m[32mINSERT INTO "gas_records" ("quantity", "price", "date", "km_inicial", "km_final", "created_at", "updated_at") VALUES (?, ?, ?, ?, ?, ?, ?)[0m  [["quantity", 17.0], ["price", 10.0], ["date", "2024-02-02"], ["km_inicial", 100.0], ["km_final", 120.0], ["created_at", "2024-02-03 02:50:18.972077"], ["updated_at", "2024-02-03 02:50:18.972077"]]
  [1m[36mTRANSACTION (1.0ms)[0m  [1m[36mcommit transaction[0m
  [1m[36mGasRecord Load (0.3ms)[0m  [1m[34mSELECT "gas_records".* FROM "gas_records" ORDER BY "gas_records"."id" ASC LIMIT ?[0m  [["LIMIT", 1]]
Started GET "/records/hello" for ::1 at 2024-02-02 23:05:00 -0500
  [1m[36mActiveRecord::SchemaMigration Pluck (0.1ms)[0m  [1m[34mSELECT "schema_migrations"."version" FROM "schema_migrations" ORDER BY "schema_migrations"."version" ASC[0m
  
ActionController::RoutingError (No route matches [GET] "/records/hello"):
  
Started GET "/records" for ::1 at 2024-02-02 23:05:22 -0500
Processing by RecordsController#hello as */*
Completed 200 OK in 6ms (Views: 0.2ms | ActiveRecord: 0.0ms | Allocations: 3388)


Started GET "/records" for ::1 at 2024-02-02 23:11:12 -0500
Processing by RecordsController#hello as */*
Completed 200 OK in 0ms (Views: 0.1ms | ActiveRecord: 0.0ms | Allocations: 190)


Started GET "/records" for ::1 at 2024-02-02 23:13:18 -0500
Processing by RecordsController#hello as */*
Completed 200 OK in 0ms (Views: 0.1ms | ActiveRecord: 0.0ms | Allocations: 196)


Started GET "/records" for ::1 at 2024-02-02 23:14:11 -0500
Processing by RecordsController#hello as */*
Completed 200 OK in 0ms (Views: 0.1ms | ActiveRecord: 0.0ms | Allocations: 219)


Started GET "/records/hello" for ::1 at 2024-02-02 23:14:46 -0500
  
ActionController::RoutingError (No route matches [GET] "/records/hello"):
  
Started GET "/records?hello" for ::1 at 2024-02-02 23:15:04 -0500
Processing by RecordsController#hello as */*
  Parameters: {"hello"=>nil}
Completed 200 OK in 0ms (Views: 0.1ms | ActiveRecord: 0.0ms | Allocations: 133)


Started GET "/records?hello=hola" for ::1 at 2024-02-02 23:15:19 -0500
Processing by RecordsController#hello as */*
  Parameters: {"hello"=>"hola"}
Completed 200 OK in 0ms (Views: 0.2ms | ActiveRecord: 0.0ms | Allocations: 133)


Started GET "/records?hello=leo" for ::1 at 2024-02-02 23:15:35 -0500
Processing by RecordsController#hello as */*
  Parameters: {"hello"=>"leo"}
Completed 200 OK in 0ms (Views: 0.1ms | ActiveRecord: 0.0ms | Allocations: 133)


Started GET "/gasrecords/hello" for ::1 at 2024-02-02 23:43:10 -0500
  
NameError (uninitialized constant Api):
  
config/routes.rb:8:in `block in <main>'
config/routes.rb:1:in `<main>'
Started GET "/gasrecords/hello" for ::1 at 2024-02-02 23:46:58 -0500
  
NameError (uninitialized constant Api):
  
config/routes.rb:9:in `block in <main>'
config/routes.rb:1:in `<main>'
Started GET "/api/v1/" for ::1 at 2024-02-02 23:53:57 -0500
  
ActionController::RoutingError (No route matches [GET] "/api/v1"):
  
Started GET "/api/v1" for ::1 at 2024-02-02 23:54:07 -0500
  
ActionController::RoutingError (No route matches [GET] "/api/v1"):
  
Started GET "/api/v1" for ::1 at 2024-02-02 23:54:21 -0500
  
ActionController::RoutingError (No route matches [GET] "/api/v1"):
  
Started GET "/api/v1" for ::1 at 2024-02-02 23:54:24 -0500
  
ActionController::RoutingError (No route matches [GET] "/api/v1"):
  
Started GET "/api/v1" for ::1 at 2024-02-02 23:55:13 -0500
  
ActionController::RoutingError (No route matches [GET] "/api/v1"):
  
Started GET "/api/v1" for ::1 at 2024-02-02 23:55:25 -0500
  
ActionController::RoutingError (No route matches [GET] "/api/v1"):
  
Started GET "/api/" for ::1 at 2024-02-02 23:55:43 -0500
  
ActionController::RoutingError (No route matches [GET] "/api"):
  
Started GET "/hello" for ::1 at 2024-02-02 23:56:15 -0500
  
ActionController::RoutingError (No route matches [GET] "/hello"):
  
Started GET "/api/hello" for ::1 at 2024-02-02 23:56:22 -0500
  
ActionController::RoutingError (No route matches [GET] "/api/hello"):
  
Started GET "/api/v1/hello" for ::1 at 2024-02-02 23:56:29 -0500
  
ActionController::RoutingError (No route matches [GET] "/api/v1/hello"):
  
Started GET "/api/v1/hello" for ::1 at 2024-02-03 00:02:03 -0500
  
ActionController::RoutingError (No route matches [GET] "/api/v1/hello"):
  
Started GET "/api/v1/" for ::1 at 2024-02-03 00:02:12 -0500
  
ActionController::RoutingError (No route matches [GET] "/api/v1"):
  
Started GET "/api/v1/hello" for ::1 at 2024-02-03 00:02:19 -0500
  
ActionController::RoutingError (No route matches [GET] "/api/v1/hello"):
  
Started GET "/api/hello" for ::1 at 2024-02-03 00:02:51 -0500
  
ActionController::RoutingError (No route matches [GET] "/api/hello"):
  
Started GET "/hello" for ::1 at 2024-02-03 00:03:00 -0500
  
ActionController::RoutingError (No route matches [GET] "/hello"):
  
Started GET "/hello" for ::1 at 2024-02-03 00:03:25 -0500
  [1m[36mActiveRecord::SchemaMigration Pluck (0.0ms)[0m  [1m[34mSELECT "schema_migrations"."version" FROM "schema_migrations" ORDER BY "schema_migrations"."version" ASC[0m
  
ActionController::RoutingError (No route matches [GET] "/hello"):
  
Started GET "/api/hello" for ::1 at 2024-02-03 00:03:30 -0500
  
ActionController::RoutingError (No route matches [GET] "/api/hello"):
  
Started GET "/api/v1/hello" for ::1 at 2024-02-03 00:03:35 -0500
  
ActionController::RoutingError (No route matches [GET] "/api/v1/hello"):
  
Started GET "/api/v1/hello" for ::1 at 2024-02-03 00:03:49 -0500
  
ActionController::RoutingError (No route matches [GET] "/api/v1/hello"):
  
Started GET "/api/v1/hello" for ::1 at 2024-02-03 00:04:01 -0500
  
ActionController::RoutingError (No route matches [GET] "/api/v1/hello"):
  
Started GET "/api/v1/hello" for ::1 at 2024-02-03 00:04:45 -0500
  
NameError (undefined local variable or method `hello' for Api:Class):
  
app/api/api.rb:11:in `<class:Api>'
app/api/api.rb:3:in `<main>'
config/routes.rb:9:in `block in <main>'
config/routes.rb:1:in `<main>'
Started GET "/api/v1/hello" for ::1 at 2024-02-03 00:05:04 -0500
  
ActionController::RoutingError (No route matches [GET] "/api/v1/hello"):
  
Started GET "/api/hello" for ::1 at 2024-02-03 00:05:18 -0500
  
ActionController::RoutingError (No route matches [GET] "/api/hello"):
  
Started GET "/api/v1/hello" for ::1 at 2024-02-03 00:06:24 -0500
  
ActionController::RoutingError (No route matches [GET] "/api/v1/hello"):
  
Started GET "/v1/api/hello" for ::1 at 2024-02-03 00:06:32 -0500
  
ActionController::RoutingError (No route matches [GET] "/v1/api/hello"):
  
Started GET "/v1/api/" for ::1 at 2024-02-03 00:06:36 -0500
  
ActionController::RoutingError (No route matches [GET] "/v1/api"):
  
Started GET "/api/v1" for ::1 at 2024-02-03 00:06:45 -0500
  
ActionController::RoutingError (No route matches [GET] "/api/v1"):
  
Started GET "/api/v1/hello" for ::1 at 2024-02-03 00:07:02 -0500
  
ActionController::RoutingError (No route matches [GET] "/api/v1/hello"):
  
Started GET "/hello" for ::1 at 2024-02-03 00:07:15 -0500
  
ActionController::RoutingError (No route matches [GET] "/hello"):
  
Started GET "/hello" for ::1 at 2024-02-03 00:07:18 -0500
  
ActionController::RoutingError (No route matches [GET] "/hello"):
  
Started GET "/hello" for ::1 at 2024-02-03 00:07:20 -0500
  
ActionController::RoutingError (No route matches [GET] "/hello"):
  
Started GET "/api/v1/hello" for ::1 at 2024-02-03 00:07:23 -0500
  
ActionController::RoutingError (No route matches [GET] "/api/v1/hello"):
  
Started GET "/v1/api/hello" for ::1 at 2024-02-03 00:07:34 -0500
  
ActionController::RoutingError (No route matches [GET] "/v1/api/hello"):
  
Started GET "/v1/api/hello" for ::1 at 2024-02-03 00:08:09 -0500
  
ActionController::RoutingError (No route matches [GET] "/v1/api/hello"):
  
Started GET "/v1/api/hello" for ::1 at 2024-02-03 00:08:14 -0500
  
ActionController::RoutingError (No route matches [GET] "/v1/api/hello"):
  
Started GET "/v1/api/hello" for ::1 at 2024-02-03 00:08:20 -0500
  
ActionController::RoutingError (No route matches [GET] "/v1/api/hello"):
  
Started GET "/v1/api/hello" for ::1 at 2024-02-03 00:08:29 -0500
  
ActionController::RoutingError (No route matches [GET] "/v1/api/hello"):
  
Started GET "/v1/api/hello" for ::1 at 2024-02-03 00:09:27 -0500
  
ActionController::RoutingError (No route matches [GET] "/v1/api/hello"):
  
Started GET "/v1/api/hello" for ::1 at 2024-02-03 00:09:30 -0500
  
ActionController::RoutingError (No route matches [GET] "/v1/api/hello"):
  
Started GET "/hello" for ::1 at 2024-02-03 00:09:35 -0500
  
ActionController::RoutingError (No route matches [GET] "/hello"):
  
Started GET "/v1/api/hello" for ::1 at 2024-02-03 00:09:45 -0500
  
ActionController::RoutingError (No route matches [GET] "/v1/api/hello"):
  
Started GET "/v1/hello" for ::1 at 2024-02-03 00:09:50 -0500
  
ActionController::RoutingError (No route matches [GET] "/v1/hello"):
  
Started GET "/api/hello" for ::1 at 2024-02-03 00:09:57 -0500
  
ActionController::RoutingError (No route matches [GET] "/api/hello"):
  
Started GET "/api/hello" for ::1 at 2024-02-03 00:10:19 -0500
  
ActionController::RoutingError (No route matches [GET] "/api/hello"):
  
Started GET "/api/v1/hello" for ::1 at 2024-02-03 00:10:23 -0500
  
ActionController::RoutingError (No route matches [GET] "/api/v1/hello"):
  
Started GET "/v1/api/hello" for ::1 at 2024-02-03 00:10:31 -0500
  
ActionController::RoutingError (No route matches [GET] "/v1/api/hello"):
  
Started GET "/v1/api/hello" for ::1 at 2024-02-03 00:11:14 -0500
  
ActionController::RoutingError (No route matches [GET] "/v1/api/hello"):
  
Started GET "/api/" for ::1 at 2024-02-03 00:11:56 -0500
  
ActionController::RoutingError (No route matches [GET] "/api"):
  
Started GET "/api/" for ::1 at 2024-02-03 00:11:58 -0500
  
ActionController::RoutingError (No route matches [GET] "/api"):
  
Started GET "/api/" for ::1 at 2024-02-03 00:12:37 -0500
  
ActionController::RoutingError (No route matches [GET] "/api"):
  
Started GET "/api/" for ::1 at 2024-02-03 00:12:39 -0500
  
ActionController::RoutingError (No route matches [GET] "/api"):
  
Started GET "/" for ::1 at 2024-02-03 00:12:41 -0500
Processing by Rails::WelcomeController#index as */*
  Rendering /Users/lmoreno/.rbenv/versions/3.2.2/lib/ruby/gems/3.2.0/gems/railties-7.0.8/lib/rails/templates/rails/welcome/index.html.erb
  Rendered /Users/lmoreno/.rbenv/versions/3.2.2/lib/ruby/gems/3.2.0/gems/railties-7.0.8/lib/rails/templates/rails/welcome/index.html.erb (Duration: 1.2ms | Allocations: 633)
Completed 200 OK in 15ms (Views: 3.7ms | ActiveRecord: 0.0ms | Allocations: 7571)


Started GET "/api" for ::1 at 2024-02-03 00:12:45 -0500
  
ActionController::RoutingError (No route matches [GET] "/api"):
  
Started GET "/api/" for ::1 at 2024-02-03 00:12:55 -0500
  
ActionController::RoutingError (No route matches [GET] "/api"):
  
Started GET "/Api" for ::1 at 2024-02-03 00:13:03 -0500
  
ActionController::RoutingError (No route matches [GET] "/Api"):
  
Started GET "/Api" for ::1 at 2024-02-03 00:13:24 -0500
  
ActionController::RoutingError (No route matches [GET] "/Api"):
  
Started GET "/api" for ::1 at 2024-02-03 00:13:29 -0500
  
ActionController::RoutingError (No route matches [GET] "/api"):
  
Started GET "/api/v1" for ::1 at 2024-02-03 00:13:33 -0500
Started GET "/api/v1/hello" for ::1 at 2024-02-03 00:13:42 -0500
Started GET "/api/v1/hello" for ::1 at 2024-02-03 00:13:51 -0500
Started GET "/api/v1/hello" for ::1 at 2024-02-03 00:13:59 -0500
Started GET "/api/v1/hello" for ::1 at 2024-02-03 00:14:07 -0500
Started GET "/api/v1/hello" for ::1 at 2024-02-03 00:14:10 -0500
Started GET "/api/v1/hello" for ::1 at 2024-02-03 00:14:21 -0500
Started GET "/api" for ::1 at 2024-02-03 00:14:42 -0500
  
ActionController::RoutingError (No route matches [GET] "/api"):
  
Started GET "/api/" for ::1 at 2024-02-03 00:14:45 -0500
  
ActionController::RoutingError (No route matches [GET] "/api"):
  
Started GET "/" for ::1 at 2024-02-03 00:14:51 -0500
Processing by Rails::WelcomeController#index as */*
  Rendering /Users/lmoreno/.rbenv/versions/3.2.2/lib/ruby/gems/3.2.0/gems/railties-7.0.8/lib/rails/templates/rails/welcome/index.html.erb
  Rendered /Users/lmoreno/.rbenv/versions/3.2.2/lib/ruby/gems/3.2.0/gems/railties-7.0.8/lib/rails/templates/rails/welcome/index.html.erb (Duration: 0.5ms | Allocations: 276)
Completed 200 OK in 1ms (Views: 1.1ms | ActiveRecord: 0.0ms | Allocations: 915)


Started GET "/api" for ::1 at 2024-02-03 00:14:54 -0500
  
ActionController::RoutingError (No route matches [GET] "/api"):
  
Started GET "/api/v1" for ::1 at 2024-02-03 00:14:58 -0500
Started GET "/api/v1" for ::1 at 2024-02-03 00:15:11 -0500
  
ActionController::RoutingError (No route matches [GET] "/api/v1"):
  
Started GET "/api/v1" for ::1 at 2024-02-03 00:15:15 -0500
  
ActionController::RoutingError (No route matches [GET] "/api/v1"):
  
Started GET "/api/v1" for ::1 at 2024-02-03 00:15:19 -0500
Started GET "/api/v1" for ::1 at 2024-02-03 00:15:27 -0500
  
ActionController::RoutingError (No route matches [GET] "/api/v1"):
  
Started GET "/api/v1" for ::1 at 2024-02-03 00:15:35 -0500
Started GET "/api/v1/hola" for ::1 at 2024-02-03 00:15:42 -0500
  
ActionController::RoutingError (No route matches [GET] "/api/v1/hola"):
  
Started GET "/api/v1/hola" for ::1 at 2024-02-03 00:15:44 -0500
  
ActionController::RoutingError (No route matches [GET] "/api/v1/hola"):
  
Started GET "/api/v1/hello" for ::1 at 2024-02-03 00:15:50 -0500
Started GET "/api/v1/hello" for ::1 at 2024-02-03 00:15:51 -0500
